<?xml version="1.0" encoding="utf-8" standalone="no"?>
<test-results xmlns:xsi="http://www.w3.org/2001/XMLSchema-instance" xsi:noNamespaceSchemaLocation="nunit_schema_2.5.xsd" name="Pester" total="367" errors="0" failures="6" not-run="2" inconclusive="0" ignored="0" skipped="3" invalid="0" date="2026-02-21" time="09:14:26">
  <environment clr-version="4.0.30319.42000" user-domain="BATTLESTATION" cwd="C:\Celerium\Projects\_API\Celerium.FanartTV" platform="Microsoft Windows 11 Pro|C:\WINDOWS|\Device\Harddisk0\Partition3" machine-name="BATTLESTATION" nunit-version="2.5.8.0" os-version="10.0.26200" user="David" />
  <culture-info current-culture="en-US" current-uiculture="en-US" />
  <test-suite type="TestFixture" name="Pester" executed="True" result="Failure" success="False" time="23.5273" asserts="0" description="Pester">
    <results>
      <test-suite type="TestFixture" name="C:\Celerium\Projects\_API\Celerium.FanartTV\tests\Celerium.FanartTV.Tests.ps1" executed="True" result="Success" success="True" time="4.1671" asserts="0" description="C:\Celerium\Projects\_API\Celerium.FanartTV\tests\Celerium.FanartTV.Tests.ps1">
        <results>
          <test-suite type="TestFixture" name="Testing the [ Built ] version of [ Celerium.FanartTV ] with [ Celerium.FanartTV.Tests.ps1 ]" executed="True" result="Success" success="True" time="1.9202" asserts="0" description="Testing the [ Built ] version of [ Celerium.FanartTV ] with [ Celerium.FanartTV.Tests.ps1 ]">
            <results>
              <test-suite type="TestFixture" name="Testing the [ Built ] version of [ Celerium.FanartTV ] with [ Celerium.FanartTV.Tests.ps1 ].[ Celerium.FanartTV.psd1 ] general manifest data" executed="True" result="Success" success="True" time="1.6697" asserts="0" description="Testing the [ Built ] version of [ Celerium.FanartTV ] with [ Celerium.FanartTV.Tests.ps1 ].[ Celerium.FanartTV.psd1 ] general manifest data">
                <results>
                  <test-case description="Manifest [ RootModule ] has valid data" name="Testing the [ Built ] version of [ Celerium.FanartTV ] with [ Celerium.FanartTV.Tests.ps1 ].[ Celerium.FanartTV.psd1 ] general manifest data.Manifest [ RootModule ] has valid data" time="0.9001" asserts="0" success="True" result="Success" executed="True" />
                  <test-case description="Manifest [ ModuleVersion ] has valid data" name="Testing the [ Built ] version of [ Celerium.FanartTV ] with [ Celerium.FanartTV.Tests.ps1 ].[ Celerium.FanartTV.psd1 ] general manifest data.Manifest [ ModuleVersion ] has valid data" time="0.047" asserts="0" success="True" result="Success" executed="True" />
                  <test-case description="Manifest [ GUID ] has valid data" name="Testing the [ Built ] version of [ Celerium.FanartTV ] with [ Celerium.FanartTV.Tests.ps1 ].[ Celerium.FanartTV.psd1 ] general manifest data.Manifest [ GUID ] has valid data" time="0.0154" asserts="0" success="True" result="Success" executed="True" />
                  <test-case description="Manifest [ Author ] has valid data" name="Testing the [ Built ] version of [ Celerium.FanartTV ] with [ Celerium.FanartTV.Tests.ps1 ].[ Celerium.FanartTV.psd1 ] general manifest data.Manifest [ Author ] has valid data" time="0.0107" asserts="0" success="True" result="Success" executed="True" />
                  <test-case description="Manifest [ CompanyName ] has valid data" name="Testing the [ Built ] version of [ Celerium.FanartTV ] with [ Celerium.FanartTV.Tests.ps1 ].[ Celerium.FanartTV.psd1 ] general manifest data.Manifest [ CompanyName ] has valid data" time="0.009" asserts="0" success="True" result="Success" executed="True" />
                  <test-case description="Manifest [ Copyright ] has valid data" name="Testing the [ Built ] version of [ Celerium.FanartTV ] with [ Celerium.FanartTV.Tests.ps1 ].[ Celerium.FanartTV.psd1 ] general manifest data.Manifest [ Copyright ] has valid data" time="0.0104" asserts="0" success="True" result="Success" executed="True" />
                  <test-case description="Manifest [ Description ] is not empty" name="Testing the [ Built ] version of [ Celerium.FanartTV ] with [ Celerium.FanartTV.Tests.ps1 ].[ Celerium.FanartTV.psd1 ] general manifest data.Manifest [ Description ] is not empty" time="0.0517" asserts="0" success="True" result="Success" executed="True" />
                  <test-case description="Manifest [ PowerShellVersion ] has valid data" name="Testing the [ Built ] version of [ Celerium.FanartTV ] with [ Celerium.FanartTV.Tests.ps1 ].[ Celerium.FanartTV.psd1 ] general manifest data.Manifest [ PowerShellVersion ] has valid data" time="0.0098" asserts="0" success="True" result="Success" executed="True" />
                  <test-case description="Manifest [ NestedModules ] has valid data" name="Testing the [ Built ] version of [ Celerium.FanartTV ] with [ Celerium.FanartTV.Tests.ps1 ].[ Celerium.FanartTV.psd1 ] general manifest data.Manifest [ NestedModules ] has valid data" time="0.0188" asserts="0" success="True" result="Success" executed="True" />
                  <test-case description="Manifest [ FunctionsToExport ] has valid data" name="Testing the [ Built ] version of [ Celerium.FanartTV ] with [ Celerium.FanartTV.Tests.ps1 ].[ Celerium.FanartTV.psd1 ] general manifest data.Manifest [ FunctionsToExport ] has valid data" time="0.0152" asserts="0" success="True" result="Success" executed="True" />
                  <test-case description="Manifest [ CmdletsToExport ] is empty" name="Testing the [ Built ] version of [ Celerium.FanartTV ] with [ Celerium.FanartTV.Tests.ps1 ].[ Celerium.FanartTV.psd1 ] general manifest data.Manifest [ CmdletsToExport ] is empty" time="0.0145" asserts="0" success="True" result="Success" executed="True" />
                  <test-case description="Manifest [ VariablesToExport ] is empty" name="Testing the [ Built ] version of [ Celerium.FanartTV ] with [ Celerium.FanartTV.Tests.ps1 ].[ Celerium.FanartTV.psd1 ] general manifest data.Manifest [ VariablesToExport ] is empty" time="0.0157" asserts="0" success="True" result="Success" executed="True" />
                  <test-case description="Manifest [ AliasesToExport ] has alias" name="Testing the [ Built ] version of [ Celerium.FanartTV ] with [ Celerium.FanartTV.Tests.ps1 ].[ Celerium.FanartTV.psd1 ] general manifest data.Manifest [ AliasesToExport ] has alias" time="0.0157" asserts="0" success="True" result="Success" executed="True" />
                  <test-case description="Manifest [ Tags ] has valid data" name="Testing the [ Built ] version of [ Celerium.FanartTV ] with [ Celerium.FanartTV.Tests.ps1 ].[ Celerium.FanartTV.psd1 ] general manifest data.Manifest [ Tags ] has valid data" time="0.0645" asserts="0" success="True" result="Success" executed="True" />
                  <test-case description="Manifest [ LicenseUri ] has valid data" name="Testing the [ Built ] version of [ Celerium.FanartTV ] with [ Celerium.FanartTV.Tests.ps1 ].[ Celerium.FanartTV.psd1 ] general manifest data.Manifest [ LicenseUri ] has valid data" time="0.0195" asserts="0" success="True" result="Success" executed="True" />
                  <test-case description="Manifest [ ProjectUri ] has valid data" name="Testing the [ Built ] version of [ Celerium.FanartTV ] with [ Celerium.FanartTV.Tests.ps1 ].[ Celerium.FanartTV.psd1 ] general manifest data.Manifest [ ProjectUri ] has valid data" time="0.0113" asserts="0" success="True" result="Success" executed="True" />
                  <test-case description="Manifest [ IconUri ] has valid data" name="Testing the [ Built ] version of [ Celerium.FanartTV ] with [ Celerium.FanartTV.Tests.ps1 ].[ Celerium.FanartTV.psd1 ] general manifest data.Manifest [ IconUri ] has valid data" time="0.0323" asserts="0" success="True" result="Success" executed="True" />
                  <test-case description="Manifest [ ReleaseNotes ] has valid data" name="Testing the [ Built ] version of [ Celerium.FanartTV ] with [ Celerium.FanartTV.Tests.ps1 ].[ Celerium.FanartTV.psd1 ] general manifest data.Manifest [ ReleaseNotes ] has valid data" time="0.012" asserts="0" success="True" result="Success" executed="True" />
                  <test-case description="Manifest [ HelpInfoUri ] is not empty" name="Testing the [ Built ] version of [ Celerium.FanartTV ] with [ Celerium.FanartTV.Tests.ps1 ].[ Celerium.FanartTV.psd1 ] general manifest data.Manifest [ HelpInfoUri ] is not empty" time="0.0169" asserts="0" success="True" result="Success" executed="True" />
                </results>
              </test-suite>
              <test-suite type="TestFixture" name="Testing the [ Built ] version of [ Celerium.FanartTV ] with [ Celerium.FanartTV.Tests.ps1 ].[ Celerium.FanartTV.psd1 ] module import test" executed="True" result="Success" success="True" time="1.8001" asserts="0" description="Testing the [ Built ] version of [ Celerium.FanartTV ] with [ Celerium.FanartTV.Tests.ps1 ].[ Celerium.FanartTV.psd1 ] module import test">
                <results>
                  <test-case description="Module contains only PowerShell files" name="Testing the [ Built ] version of [ Celerium.FanartTV ] with [ Celerium.FanartTV.Tests.ps1 ].[ Celerium.FanartTV.psd1 ] module import test.Module contains only PowerShell files" time="0.0447" asserts="0" success="True" result="Success" executed="True" />
                  <test-case description="Module files exist" name="Testing the [ Built ] version of [ Celerium.FanartTV ] with [ Celerium.FanartTV.Tests.ps1 ].[ Celerium.FanartTV.psd1 ] module import test.Module files exist" time="0.0454" asserts="0" success="True" result="Success" executed="True" />
                  <test-case description="Should pass Test-ModuleManifest" name="Testing the [ Built ] version of [ Celerium.FanartTV ] with [ Celerium.FanartTV.Tests.ps1 ].[ Celerium.FanartTV.psd1 ] module import test.Should pass Test-ModuleManifest" time="0.016" asserts="0" success="True" result="Success" executed="True" />
                  <test-case description="Should import successfully" name="Testing the [ Built ] version of [ Celerium.FanartTV ] with [ Celerium.FanartTV.Tests.ps1 ].[ Celerium.FanartTV.psd1 ] module import test.Should import successfully" time="0.0127" asserts="0" success="True" result="Success" executed="True" />
                </results>
              </test-suite>
            </results>
          </test-suite>
        </results>
      </test-suite>
      <test-suite type="TestFixture" name="C:\Celerium\Projects\_API\Celerium.FanartTV\tests\HelpComment.Tests.ps1" executed="True" result="Failure" success="False" time="7.6526" asserts="0" description="C:\Celerium\Projects\_API\Celerium.FanartTV\tests\HelpComment.Tests.ps1">
        <results>
          <test-suite type="TestFixture" name="Testing the [ Built ] version of [ Celerium.FanartTV ] with [ HelpComment.Tests.ps1 ]" executed="True" result="Failure" success="False" time="6.1339" asserts="0" description="Testing the [ Built ] version of [ Celerium.FanartTV ] with [ HelpComment.Tests.ps1 ]">
            <results>
              <test-suite type="TestFixture" name="Testing the [ Built ] version of [ Celerium.FanartTV ] with [ HelpComment.Tests.ps1 ].[ Celerium.FanartTV ] module help tests" executed="True" result="Failure" success="False" time="1.2134" asserts="0" description="Testing the [ Built ] version of [ Celerium.FanartTV ] with [ HelpComment.Tests.ps1 ].[ Celerium.FanartTV ] module help tests">
                <results>
                  <test-suite type="TestFixture" name="Testing the [ Built ] version of [ Celerium.FanartTV ] with [ HelpComment.Tests.ps1 ].[ Celerium.FanartTV ] module help tests.[ Add-FanartTVAPIKey ]" executed="True" result="Failure" success="False" time="1.201" asserts="0" description="Testing the [ Built ] version of [ Celerium.FanartTV ] with [ HelpComment.Tests.ps1 ].[ Celerium.FanartTV ] module help tests.[ Add-FanartTVAPIKey ]">
                    <results>
                      <test-case description="[ Add-FanartTVAPIKey ] contains comment based help" name="Testing the [ Built ] version of [ Celerium.FanartTV ] with [ HelpComment.Tests.ps1 ].[ Celerium.FanartTV ] module help tests.[ Add-FanartTVAPIKey ].[ Add-FanartTVAPIKey ] contains comment based help" time="0.0112" asserts="0" success="True" result="Success" executed="True" />
                      <test-case description="[ Add-FanartTVAPIKey ] contains a synopsis" name="Testing the [ Built ] version of [ Celerium.FanartTV ] with [ HelpComment.Tests.ps1 ].[ Celerium.FanartTV ] module help tests.[ Add-FanartTVAPIKey ].[ Add-FanartTVAPIKey ] contains a synopsis" time="0.0076" asserts="0" success="True" result="Success" executed="True" />
                      <test-case description="[ Add-FanartTVAPIKey ] contains a description" name="Testing the [ Built ] version of [ Celerium.FanartTV ] with [ HelpComment.Tests.ps1 ].[ Celerium.FanartTV ] module help tests.[ Add-FanartTVAPIKey ].[ Add-FanartTVAPIKey ] contains a description" time="0.0094" asserts="0" success="True" result="Success" executed="True" />
                      <test-case description="[ Add-FanartTVAPIKey ] contains at least one usage example" name="Testing the [ Built ] version of [ Celerium.FanartTV ] with [ HelpComment.Tests.ps1 ].[ Celerium.FanartTV ] module help tests.[ Add-FanartTVAPIKey ].[ Add-FanartTVAPIKey ] contains at least one usage example" time="0.0142" asserts="0" success="True" result="Success" executed="True" />
                      <test-case description="[ Add-FanartTVAPIKey ] contains a note" name="Testing the [ Built ] version of [ Celerium.FanartTV ] with [ HelpComment.Tests.ps1 ].[ Celerium.FanartTV ] module help tests.[ Add-FanartTVAPIKey ].[ Add-FanartTVAPIKey ] contains a note" time="0.0135" asserts="0" success="True" result="Success" executed="True" />
                      <test-case description="[ Add-FanartTVAPIKey ] contains a link" name="Testing the [ Built ] version of [ Celerium.FanartTV ] with [ HelpComment.Tests.ps1 ].[ Celerium.FanartTV ] module help tests.[ Add-FanartTVAPIKey ].[ Add-FanartTVAPIKey ] contains a link" time="0.0105" asserts="0" success="True" result="Success" executed="True" />
                      <test-case description="[ Add-FanartTVAPIKey ] link should return 200" name="Testing the [ Built ] version of [ Celerium.FanartTV ] with [ HelpComment.Tests.ps1 ].[ Celerium.FanartTV ] module help tests.[ Add-FanartTVAPIKey ].[ Add-FanartTVAPIKey ] link should return 200" time="1.0619" asserts="0" success="False" result="Failure" executed="True">
                        <failure>
                          <message>Expected '200', but got $null.</message>
                          <stack-trace>at $Link.StatusCode | Should -Be '200', C:\Celerium\Projects\_API\Celerium.FanartTV\tests\HelpComment.Tests.ps1:226
at &lt;ScriptBlock&gt;, C:\Celerium\Projects\_API\Celerium.FanartTV\tests\HelpComment.Tests.ps1:226</stack-trace>
                        </failure>
                      </test-case>
                      <test-suite type="ParameterizedTest" name="Testing the [ Built ] version of [ Celerium.FanartTV ] with [ HelpComment.Tests.ps1 ].[ Celerium.FanartTV ] module help tests.[ Add-FanartTVAPIKey ].[ Add-FanartTVAPIKey ] - Parameter has a description - [ &lt;_.name&gt; ]" executed="True" result="Success" success="True" time="0.0192" asserts="0" description="[ Add-FanartTVAPIKey ] - Parameter has a description - [ &lt;_.name&gt; ]">
                        <results>
                          <test-case description="[ Add-FanartTVAPIKey ] - Parameter has a description - [ PersonalKey ]" name="Testing the [ Built ] version of [ Celerium.FanartTV ] with [ HelpComment.Tests.ps1 ].[ Celerium.FanartTV ] module help tests.[ Add-FanartTVAPIKey ].[ Add-FanartTVAPIKey ] - Parameter has a description - [ PersonalKey ]" time="0.0119" asserts="0" success="True" result="Success" executed="True" />
                          <test-case description="[ Add-FanartTVAPIKey ] - Parameter has a description - [ ProjectKey ]" name="Testing the [ Built ] version of [ Celerium.FanartTV ] with [ HelpComment.Tests.ps1 ].[ Celerium.FanartTV ] module help tests.[ Add-FanartTVAPIKey ].[ Add-FanartTVAPIKey ] - Parameter has a description - [ ProjectKey ]" time="0.0073" asserts="0" success="True" result="Success" executed="True" />
                        </results>
                      </test-suite>
                      <test-suite type="ParameterizedTest" name="Testing the [ Built ] version of [ Celerium.FanartTV ] with [ HelpComment.Tests.ps1 ].[ Celerium.FanartTV ] module help tests.[ Add-FanartTVAPIKey ].[ Add-FanartTVAPIKey ] - Example has example code &amp; description   - [ &lt;_.title -replace '-'.''&gt; ]" executed="True" result="Success" success="True" time="0.0381" asserts="0" description="[ Add-FanartTVAPIKey ] - Example has example code &amp; description   - [ &lt;_.title -replace '-'.''&gt; ]">
                        <results>
                          <test-case description="[ Add-FanartTVAPIKey ] - Example has example code &amp; description   - [  EXAMPLE 1  ]" name="Testing the [ Built ] version of [ Celerium.FanartTV ] with [ HelpComment.Tests.ps1 ].[ Celerium.FanartTV ] module help tests.[ Add-FanartTVAPIKey ].[ Add-FanartTVAPIKey ] - Example has example code &amp; description   - [  EXAMPLE 1  ]" time="0.0205" asserts="0" success="True" result="Success" executed="True" />
                          <test-case description="[ Add-FanartTVAPIKey ] - Example has example code &amp; description   - [  EXAMPLE 2  ]" name="Testing the [ Built ] version of [ Celerium.FanartTV ] with [ HelpComment.Tests.ps1 ].[ Celerium.FanartTV ] module help tests.[ Add-FanartTVAPIKey ].[ Add-FanartTVAPIKey ] - Example has example code &amp; description   - [  EXAMPLE 2  ]" time="0.0175" asserts="0" success="True" result="Success" executed="True" />
                        </results>
                      </test-suite>
                    </results>
                  </test-suite>
                </results>
              </test-suite>
              <test-suite type="TestFixture" name="Testing the [ Built ] version of [ Celerium.FanartTV ] with [ HelpComment.Tests.ps1 ].[ Celerium.FanartTV ] module help tests" executed="True" result="Failure" success="False" time="1.7561" asserts="0" description="Testing the [ Built ] version of [ Celerium.FanartTV ] with [ HelpComment.Tests.ps1 ].[ Celerium.FanartTV ] module help tests">
                <results>
                  <test-suite type="TestFixture" name="Testing the [ Built ] version of [ Celerium.FanartTV ] with [ HelpComment.Tests.ps1 ].[ Celerium.FanartTV ] module help tests.[ Add-FanartTVBaseURI ]" executed="True" result="Failure" success="False" time="0.5327" asserts="0" description="Testing the [ Built ] version of [ Celerium.FanartTV ] with [ HelpComment.Tests.ps1 ].[ Celerium.FanartTV ] module help tests.[ Add-FanartTVBaseURI ]">
                    <results>
                      <test-case description="[ Add-FanartTVBaseURI ] contains comment based help" name="Testing the [ Built ] version of [ Celerium.FanartTV ] with [ HelpComment.Tests.ps1 ].[ Celerium.FanartTV ] module help tests.[ Add-FanartTVBaseURI ].[ Add-FanartTVBaseURI ] contains comment based help" time="0.0114" asserts="0" success="True" result="Success" executed="True" />
                      <test-case description="[ Add-FanartTVBaseURI ] contains a synopsis" name="Testing the [ Built ] version of [ Celerium.FanartTV ] with [ HelpComment.Tests.ps1 ].[ Celerium.FanartTV ] module help tests.[ Add-FanartTVBaseURI ].[ Add-FanartTVBaseURI ] contains a synopsis" time="0.0073" asserts="0" success="True" result="Success" executed="True" />
                      <test-case description="[ Add-FanartTVBaseURI ] contains a description" name="Testing the [ Built ] version of [ Celerium.FanartTV ] with [ HelpComment.Tests.ps1 ].[ Celerium.FanartTV ] module help tests.[ Add-FanartTVBaseURI ].[ Add-FanartTVBaseURI ] contains a description" time="0.0114" asserts="0" success="True" result="Success" executed="True" />
                      <test-case description="[ Add-FanartTVBaseURI ] contains at least one usage example" name="Testing the [ Built ] version of [ Celerium.FanartTV ] with [ HelpComment.Tests.ps1 ].[ Celerium.FanartTV ] module help tests.[ Add-FanartTVBaseURI ].[ Add-FanartTVBaseURI ] contains at least one usage example" time="0.0102" asserts="0" success="True" result="Success" executed="True" />
                      <test-case description="[ Add-FanartTVBaseURI ] contains a note" name="Testing the [ Built ] version of [ Celerium.FanartTV ] with [ HelpComment.Tests.ps1 ].[ Celerium.FanartTV ] module help tests.[ Add-FanartTVBaseURI ].[ Add-FanartTVBaseURI ] contains a note" time="0.0093" asserts="0" success="True" result="Success" executed="True" />
                      <test-case description="[ Add-FanartTVBaseURI ] contains a link" name="Testing the [ Built ] version of [ Celerium.FanartTV ] with [ HelpComment.Tests.ps1 ].[ Celerium.FanartTV ] module help tests.[ Add-FanartTVBaseURI ].[ Add-FanartTVBaseURI ] contains a link" time="0.0057" asserts="0" success="True" result="Success" executed="True" />
                      <test-case description="[ Add-FanartTVBaseURI ] link should return 200" name="Testing the [ Built ] version of [ Celerium.FanartTV ] with [ HelpComment.Tests.ps1 ].[ Celerium.FanartTV ] module help tests.[ Add-FanartTVBaseURI ].[ Add-FanartTVBaseURI ] link should return 200" time="0.4143" asserts="0" success="False" result="Failure" executed="True">
                        <failure>
                          <message>Expected '200', but got $null.</message>
                          <stack-trace>at $Link.StatusCode | Should -Be '200', C:\Celerium\Projects\_API\Celerium.FanartTV\tests\HelpComment.Tests.ps1:226
at &lt;ScriptBlock&gt;, C:\Celerium\Projects\_API\Celerium.FanartTV\tests\HelpComment.Tests.ps1:226</stack-trace>
                        </failure>
                      </test-case>
                      <test-suite type="ParameterizedTest" name="Testing the [ Built ] version of [ Celerium.FanartTV ] with [ HelpComment.Tests.ps1 ].[ Celerium.FanartTV ] module help tests.[ Add-FanartTVBaseURI ].[ Add-FanartTVBaseURI ] - Parameter has a description - [ &lt;_.name&gt; ]" executed="True" result="Success" success="True" time="0.0134" asserts="0" description="[ Add-FanartTVBaseURI ] - Parameter has a description - [ &lt;_.name&gt; ]">
                        <results>
                          <test-case description="[ Add-FanartTVBaseURI ] - Parameter has a description - [ BaseUri ]" name="Testing the [ Built ] version of [ Celerium.FanartTV ] with [ HelpComment.Tests.ps1 ].[ Celerium.FanartTV ] module help tests.[ Add-FanartTVBaseURI ].[ Add-FanartTVBaseURI ] - Parameter has a description - [ BaseUri ]" time="0.008" asserts="0" success="True" result="Success" executed="True" />
                          <test-case description="[ Add-FanartTVBaseURI ] - Parameter has a description - [ Version ]" name="Testing the [ Built ] version of [ Celerium.FanartTV ] with [ HelpComment.Tests.ps1 ].[ Celerium.FanartTV ] module help tests.[ Add-FanartTVBaseURI ].[ Add-FanartTVBaseURI ] - Parameter has a description - [ Version ]" time="0.0054" asserts="0" success="True" result="Success" executed="True" />
                        </results>
                      </test-suite>
                      <test-suite type="ParameterizedTest" name="Testing the [ Built ] version of [ Celerium.FanartTV ] with [ HelpComment.Tests.ps1 ].[ Celerium.FanartTV ] module help tests.[ Add-FanartTVBaseURI ].[ Add-FanartTVBaseURI ] - Example has example code &amp; description   - [ &lt;_.title -replace '-'.''&gt; ]" executed="True" result="Success" success="True" time="0.0313" asserts="0" description="[ Add-FanartTVBaseURI ] - Example has example code &amp; description   - [ &lt;_.title -replace '-'.''&gt; ]">
                        <results>
                          <test-case description="[ Add-FanartTVBaseURI ] - Example has example code &amp; description   - [  EXAMPLE 1  ]" name="Testing the [ Built ] version of [ Celerium.FanartTV ] with [ HelpComment.Tests.ps1 ].[ Celerium.FanartTV ] module help tests.[ Add-FanartTVBaseURI ].[ Add-FanartTVBaseURI ] - Example has example code &amp; description   - [  EXAMPLE 1  ]" time="0.0094" asserts="0" success="True" result="Success" executed="True" />
                          <test-case description="[ Add-FanartTVBaseURI ] - Example has example code &amp; description   - [  EXAMPLE 2  ]" name="Testing the [ Built ] version of [ Celerium.FanartTV ] with [ HelpComment.Tests.ps1 ].[ Celerium.FanartTV ] module help tests.[ Add-FanartTVBaseURI ].[ Add-FanartTVBaseURI ] - Example has example code &amp; description   - [  EXAMPLE 2  ]" time="0.0082" asserts="0" success="True" result="Success" executed="True" />
                          <test-case description="[ Add-FanartTVBaseURI ] - Example has example code &amp; description   - [  EXAMPLE 3  ]" name="Testing the [ Built ] version of [ Celerium.FanartTV ] with [ HelpComment.Tests.ps1 ].[ Celerium.FanartTV ] module help tests.[ Add-FanartTVBaseURI ].[ Add-FanartTVBaseURI ] - Example has example code &amp; description   - [  EXAMPLE 3  ]" time="0.0137" asserts="0" success="True" result="Success" executed="True" />
                        </results>
                      </test-suite>
                    </results>
                  </test-suite>
                </results>
              </test-suite>
              <test-suite type="TestFixture" name="Testing the [ Built ] version of [ Celerium.FanartTV ] with [ HelpComment.Tests.ps1 ].[ Celerium.FanartTV ] module help tests" executed="True" result="Success" success="True" time="1.9517" asserts="0" description="Testing the [ Built ] version of [ Celerium.FanartTV ] with [ HelpComment.Tests.ps1 ].[ Celerium.FanartTV ] module help tests">
                <results>
                  <test-suite type="TestFixture" name="Testing the [ Built ] version of [ Celerium.FanartTV ] with [ HelpComment.Tests.ps1 ].[ Celerium.FanartTV ] module help tests.[ ConvertTo-FanartTVQueryString ]" executed="True" result="Success" success="True" time="0.186" asserts="0" description="Testing the [ Built ] version of [ Celerium.FanartTV ] with [ HelpComment.Tests.ps1 ].[ Celerium.FanartTV ] module help tests.[ ConvertTo-FanartTVQueryString ]">
                    <results>
                      <test-case description="[ ConvertTo-FanartTVQueryString ] contains comment based help" name="Testing the [ Built ] version of [ Celerium.FanartTV ] with [ HelpComment.Tests.ps1 ].[ Celerium.FanartTV ] module help tests.[ ConvertTo-FanartTVQueryString ].[ ConvertTo-FanartTVQueryString ] contains comment based help" time="0.0055" asserts="0" success="True" result="Success" executed="True" />
                      <test-case description="[ ConvertTo-FanartTVQueryString ] contains a synopsis" name="Testing the [ Built ] version of [ Celerium.FanartTV ] with [ HelpComment.Tests.ps1 ].[ Celerium.FanartTV ] module help tests.[ ConvertTo-FanartTVQueryString ].[ ConvertTo-FanartTVQueryString ] contains a synopsis" time="0.0052" asserts="0" success="True" result="Success" executed="True" />
                      <test-case description="[ ConvertTo-FanartTVQueryString ] contains a description" name="Testing the [ Built ] version of [ Celerium.FanartTV ] with [ HelpComment.Tests.ps1 ].[ Celerium.FanartTV ] module help tests.[ ConvertTo-FanartTVQueryString ].[ ConvertTo-FanartTVQueryString ] contains a description" time="0.0089" asserts="0" success="True" result="Success" executed="True" />
                      <test-case description="[ ConvertTo-FanartTVQueryString ] contains at least one usage example" name="Testing the [ Built ] version of [ Celerium.FanartTV ] with [ HelpComment.Tests.ps1 ].[ Celerium.FanartTV ] module help tests.[ ConvertTo-FanartTVQueryString ].[ ConvertTo-FanartTVQueryString ] contains at least one usage example" time="0.0061" asserts="0" success="True" result="Success" executed="True" />
                      <test-case description="[ ConvertTo-FanartTVQueryString ] contains a note" name="Testing the [ Built ] version of [ Celerium.FanartTV ] with [ HelpComment.Tests.ps1 ].[ Celerium.FanartTV ] module help tests.[ ConvertTo-FanartTVQueryString ].[ ConvertTo-FanartTVQueryString ] contains a note" time="0.0057" asserts="0" success="True" result="Success" executed="True" />
                      <test-case description="[ ConvertTo-FanartTVQueryString ] contains a link" name="Testing the [ Built ] version of [ Celerium.FanartTV ] with [ HelpComment.Tests.ps1 ].[ Celerium.FanartTV ] module help tests.[ ConvertTo-FanartTVQueryString ].[ ConvertTo-FanartTVQueryString ] contains a link" time="0.0071" asserts="0" success="True" result="Success" executed="True" />
                      <test-case description="[ ConvertTo-FanartTVQueryString ] link should return 200" name="Testing the [ Built ] version of [ Celerium.FanartTV ] with [ HelpComment.Tests.ps1 ].[ Celerium.FanartTV ] module help tests.[ ConvertTo-FanartTVQueryString ].[ ConvertTo-FanartTVQueryString ] link should return 200" time="0.1127" asserts="0" success="True" result="Success" executed="True" />
                      <test-suite type="ParameterizedTest" name="Testing the [ Built ] version of [ Celerium.FanartTV ] with [ HelpComment.Tests.ps1 ].[ Celerium.FanartTV ] module help tests.[ ConvertTo-FanartTVQueryString ].[ ConvertTo-FanartTVQueryString ] - Parameter has a description - [ &lt;_.name&gt; ]" executed="True" result="Success" success="True" time="0.0076" asserts="0" description="[ ConvertTo-FanartTVQueryString ] - Parameter has a description - [ &lt;_.name&gt; ]">
                        <results>
                          <test-case description="[ ConvertTo-FanartTVQueryString ] - Parameter has a description - [ UriFilter ]" name="Testing the [ Built ] version of [ Celerium.FanartTV ] with [ HelpComment.Tests.ps1 ].[ Celerium.FanartTV ] module help tests.[ ConvertTo-FanartTVQueryString ].[ ConvertTo-FanartTVQueryString ] - Parameter has a description - [ UriFilter ]" time="0.0076" asserts="0" success="True" result="Success" executed="True" />
                        </results>
                      </test-suite>
                      <test-suite type="ParameterizedTest" name="Testing the [ Built ] version of [ Celerium.FanartTV ] with [ HelpComment.Tests.ps1 ].[ Celerium.FanartTV ] module help tests.[ ConvertTo-FanartTVQueryString ].[ ConvertTo-FanartTVQueryString ] - Example has example code &amp; description   - [ &lt;_.title -replace '-'.''&gt; ]" executed="True" result="Success" success="True" time="0.0158" asserts="0" description="[ ConvertTo-FanartTVQueryString ] - Example has example code &amp; description   - [ &lt;_.title -replace '-'.''&gt; ]">
                        <results>
                          <test-case description="[ ConvertTo-FanartTVQueryString ] - Example has example code &amp; description   - [  EXAMPLE 1  ]" name="Testing the [ Built ] version of [ Celerium.FanartTV ] with [ HelpComment.Tests.ps1 ].[ Celerium.FanartTV ] module help tests.[ ConvertTo-FanartTVQueryString ].[ ConvertTo-FanartTVQueryString ] - Example has example code &amp; description   - [  EXAMPLE 1  ]" time="0.0158" asserts="0" success="True" result="Success" executed="True" />
                        </results>
                      </test-suite>
                    </results>
                  </test-suite>
                </results>
              </test-suite>
              <test-suite type="TestFixture" name="Testing the [ Built ] version of [ Celerium.FanartTV ] with [ HelpComment.Tests.ps1 ].[ Celerium.FanartTV ] module help tests" executed="True" result="Success" success="True" time="2.1638" asserts="0" description="Testing the [ Built ] version of [ Celerium.FanartTV ] with [ HelpComment.Tests.ps1 ].[ Celerium.FanartTV ] module help tests">
                <results>
                  <test-suite type="TestFixture" name="Testing the [ Built ] version of [ Celerium.FanartTV ] with [ HelpComment.Tests.ps1 ].[ Celerium.FanartTV ] module help tests.[ Export-FanartTVModuleSettings ]" executed="True" result="Success" success="True" time="0.2006" asserts="0" description="Testing the [ Built ] version of [ Celerium.FanartTV ] with [ HelpComment.Tests.ps1 ].[ Celerium.FanartTV ] module help tests.[ Export-FanartTVModuleSettings ]">
                    <results>
                      <test-case description="[ Export-FanartTVModuleSettings ] contains comment based help" name="Testing the [ Built ] version of [ Celerium.FanartTV ] with [ HelpComment.Tests.ps1 ].[ Celerium.FanartTV ] module help tests.[ Export-FanartTVModuleSettings ].[ Export-FanartTVModuleSettings ] contains comment based help" time="0.006" asserts="0" success="True" result="Success" executed="True" />
                      <test-case description="[ Export-FanartTVModuleSettings ] contains a synopsis" name="Testing the [ Built ] version of [ Celerium.FanartTV ] with [ HelpComment.Tests.ps1 ].[ Celerium.FanartTV ] module help tests.[ Export-FanartTVModuleSettings ].[ Export-FanartTVModuleSettings ] contains a synopsis" time="0.0048" asserts="0" success="True" result="Success" executed="True" />
                      <test-case description="[ Export-FanartTVModuleSettings ] contains a description" name="Testing the [ Built ] version of [ Celerium.FanartTV ] with [ HelpComment.Tests.ps1 ].[ Celerium.FanartTV ] module help tests.[ Export-FanartTVModuleSettings ].[ Export-FanartTVModuleSettings ] contains a description" time="0.0135" asserts="0" success="True" result="Success" executed="True" />
                      <test-case description="[ Export-FanartTVModuleSettings ] contains at least one usage example" name="Testing the [ Built ] version of [ Celerium.FanartTV ] with [ HelpComment.Tests.ps1 ].[ Celerium.FanartTV ] module help tests.[ Export-FanartTVModuleSettings ].[ Export-FanartTVModuleSettings ] contains at least one usage example" time="0.0062" asserts="0" success="True" result="Success" executed="True" />
                      <test-case description="[ Export-FanartTVModuleSettings ] contains a note" name="Testing the [ Built ] version of [ Celerium.FanartTV ] with [ HelpComment.Tests.ps1 ].[ Celerium.FanartTV ] module help tests.[ Export-FanartTVModuleSettings ].[ Export-FanartTVModuleSettings ] contains a note" time="0.005" asserts="0" success="True" result="Success" executed="True" />
                      <test-case description="[ Export-FanartTVModuleSettings ] contains a link" name="Testing the [ Built ] version of [ Celerium.FanartTV ] with [ HelpComment.Tests.ps1 ].[ Celerium.FanartTV ] module help tests.[ Export-FanartTVModuleSettings ].[ Export-FanartTVModuleSettings ] contains a link" time="0.0049" asserts="0" success="True" result="Success" executed="True" />
                      <test-case description="[ Export-FanartTVModuleSettings ] link should return 200" name="Testing the [ Built ] version of [ Celerium.FanartTV ] with [ HelpComment.Tests.ps1 ].[ Celerium.FanartTV ] module help tests.[ Export-FanartTVModuleSettings ].[ Export-FanartTVModuleSettings ] link should return 200" time="0.1162" asserts="0" success="True" result="Success" executed="True" />
                      <test-suite type="ParameterizedTest" name="Testing the [ Built ] version of [ Celerium.FanartTV ] with [ HelpComment.Tests.ps1 ].[ Celerium.FanartTV ] module help tests.[ Export-FanartTVModuleSettings ].[ Export-FanartTVModuleSettings ] - Parameter has a description - [ &lt;_.name&gt; ]" executed="True" result="Success" success="True" time="0.0162" asserts="0" description="[ Export-FanartTVModuleSettings ] - Parameter has a description - [ &lt;_.name&gt; ]">
                        <results>
                          <test-case description="[ Export-FanartTVModuleSettings ] - Parameter has a description - [ FanartTVConfigPath ]" name="Testing the [ Built ] version of [ Celerium.FanartTV ] with [ HelpComment.Tests.ps1 ].[ Celerium.FanartTV ] module help tests.[ Export-FanartTVModuleSettings ].[ Export-FanartTVModuleSettings ] - Parameter has a description - [ FanartTVConfigPath ]" time="0.0106" asserts="0" success="True" result="Success" executed="True" />
                          <test-case description="[ Export-FanartTVModuleSettings ] - Parameter has a description - [ FanartTVConfigFile ]" name="Testing the [ Built ] version of [ Celerium.FanartTV ] with [ HelpComment.Tests.ps1 ].[ Celerium.FanartTV ] module help tests.[ Export-FanartTVModuleSettings ].[ Export-FanartTVModuleSettings ] - Parameter has a description - [ FanartTVConfigFile ]" time="0.0056" asserts="0" success="True" result="Success" executed="True" />
                        </results>
                      </test-suite>
                      <test-suite type="ParameterizedTest" name="Testing the [ Built ] version of [ Celerium.FanartTV ] with [ HelpComment.Tests.ps1 ].[ Celerium.FanartTV ] module help tests.[ Export-FanartTVModuleSettings ].[ Export-FanartTVModuleSettings ] - Example has example code &amp; description   - [ &lt;_.title -replace '-'.''&gt; ]" executed="True" result="Success" success="True" time="0.0157" asserts="0" description="[ Export-FanartTVModuleSettings ] - Example has example code &amp; description   - [ &lt;_.title -replace '-'.''&gt; ]">
                        <results>
                          <test-case description="[ Export-FanartTVModuleSettings ] - Example has example code &amp; description   - [  EXAMPLE 1  ]" name="Testing the [ Built ] version of [ Celerium.FanartTV ] with [ HelpComment.Tests.ps1 ].[ Celerium.FanartTV ] module help tests.[ Export-FanartTVModuleSettings ].[ Export-FanartTVModuleSettings ] - Example has example code &amp; description   - [  EXAMPLE 1  ]" time="0.0086" asserts="0" success="True" result="Success" executed="True" />
                          <test-case description="[ Export-FanartTVModuleSettings ] - Example has example code &amp; description   - [  EXAMPLE 2  ]" name="Testing the [ Built ] version of [ Celerium.FanartTV ] with [ HelpComment.Tests.ps1 ].[ Celerium.FanartTV ] module help tests.[ Export-FanartTVModuleSettings ].[ Export-FanartTVModuleSettings ] - Example has example code &amp; description   - [  EXAMPLE 2  ]" time="0.0072" asserts="0" success="True" result="Success" executed="True" />
                        </results>
                      </test-suite>
                    </results>
                  </test-suite>
                </results>
              </test-suite>
              <test-suite type="TestFixture" name="Testing the [ Built ] version of [ Celerium.FanartTV ] with [ HelpComment.Tests.ps1 ].[ Celerium.FanartTV ] module help tests" executed="True" result="Success" success="True" time="2.3597" asserts="0" description="Testing the [ Built ] version of [ Celerium.FanartTV ] with [ HelpComment.Tests.ps1 ].[ Celerium.FanartTV ] module help tests">
                <results>
                  <test-suite type="TestFixture" name="Testing the [ Built ] version of [ Celerium.FanartTV ] with [ HelpComment.Tests.ps1 ].[ Celerium.FanartTV ] module help tests.[ Get-FanartTVAPIKey ]" executed="True" result="Success" success="True" time="0.1868" asserts="0" description="Testing the [ Built ] version of [ Celerium.FanartTV ] with [ HelpComment.Tests.ps1 ].[ Celerium.FanartTV ] module help tests.[ Get-FanartTVAPIKey ]">
                    <results>
                      <test-case description="[ Get-FanartTVAPIKey ] contains comment based help" name="Testing the [ Built ] version of [ Celerium.FanartTV ] with [ HelpComment.Tests.ps1 ].[ Celerium.FanartTV ] module help tests.[ Get-FanartTVAPIKey ].[ Get-FanartTVAPIKey ] contains comment based help" time="0.0051" asserts="0" success="True" result="Success" executed="True" />
                      <test-case description="[ Get-FanartTVAPIKey ] contains a synopsis" name="Testing the [ Built ] version of [ Celerium.FanartTV ] with [ HelpComment.Tests.ps1 ].[ Celerium.FanartTV ] module help tests.[ Get-FanartTVAPIKey ].[ Get-FanartTVAPIKey ] contains a synopsis" time="0.0049" asserts="0" success="True" result="Success" executed="True" />
                      <test-case description="[ Get-FanartTVAPIKey ] contains a description" name="Testing the [ Built ] version of [ Celerium.FanartTV ] with [ HelpComment.Tests.ps1 ].[ Celerium.FanartTV ] module help tests.[ Get-FanartTVAPIKey ].[ Get-FanartTVAPIKey ] contains a description" time="0.0048" asserts="0" success="True" result="Success" executed="True" />
                      <test-case description="[ Get-FanartTVAPIKey ] contains at least one usage example" name="Testing the [ Built ] version of [ Celerium.FanartTV ] with [ HelpComment.Tests.ps1 ].[ Celerium.FanartTV ] module help tests.[ Get-FanartTVAPIKey ].[ Get-FanartTVAPIKey ] contains at least one usage example" time="0.0086" asserts="0" success="True" result="Success" executed="True" />
                      <test-case description="[ Get-FanartTVAPIKey ] contains a note" name="Testing the [ Built ] version of [ Celerium.FanartTV ] with [ HelpComment.Tests.ps1 ].[ Celerium.FanartTV ] module help tests.[ Get-FanartTVAPIKey ].[ Get-FanartTVAPIKey ] contains a note" time="0.0056" asserts="0" success="True" result="Success" executed="True" />
                      <test-case description="[ Get-FanartTVAPIKey ] contains a link" name="Testing the [ Built ] version of [ Celerium.FanartTV ] with [ HelpComment.Tests.ps1 ].[ Celerium.FanartTV ] module help tests.[ Get-FanartTVAPIKey ].[ Get-FanartTVAPIKey ] contains a link" time="0.0045" asserts="0" success="True" result="Success" executed="True" />
                      <test-case description="[ Get-FanartTVAPIKey ] link should return 200" name="Testing the [ Built ] version of [ Celerium.FanartTV ] with [ HelpComment.Tests.ps1 ].[ Celerium.FanartTV ] module help tests.[ Get-FanartTVAPIKey ].[ Get-FanartTVAPIKey ] link should return 200" time="0.1152" asserts="0" success="True" result="Success" executed="True" />
                      <test-suite type="ParameterizedTest" name="Testing the [ Built ] version of [ Celerium.FanartTV ] with [ HelpComment.Tests.ps1 ].[ Celerium.FanartTV ] module help tests.[ Get-FanartTVAPIKey ].[ Get-FanartTVAPIKey ] - Parameter has a description - [ &lt;_.name&gt; ]" executed="True" result="Success" success="True" time="0.0075" asserts="0" description="[ Get-FanartTVAPIKey ] - Parameter has a description - [ &lt;_.name&gt; ]">
                        <results>
                          <test-case description="[ Get-FanartTVAPIKey ] - Parameter has a description - [ AsPlainText ]" name="Testing the [ Built ] version of [ Celerium.FanartTV ] with [ HelpComment.Tests.ps1 ].[ Celerium.FanartTV ] module help tests.[ Get-FanartTVAPIKey ].[ Get-FanartTVAPIKey ] - Parameter has a description - [ AsPlainText ]" time="0.0075" asserts="0" success="True" result="Success" executed="True" />
                        </results>
                      </test-suite>
                      <test-suite type="ParameterizedTest" name="Testing the [ Built ] version of [ Celerium.FanartTV ] with [ HelpComment.Tests.ps1 ].[ Celerium.FanartTV ] module help tests.[ Get-FanartTVAPIKey ].[ Get-FanartTVAPIKey ] - Example has example code &amp; description   - [ &lt;_.title -replace '-'.''&gt; ]" executed="True" result="Success" success="True" time="0.0187" asserts="0" description="[ Get-FanartTVAPIKey ] - Example has example code &amp; description   - [ &lt;_.title -replace '-'.''&gt; ]">
                        <results>
                          <test-case description="[ Get-FanartTVAPIKey ] - Example has example code &amp; description   - [  EXAMPLE 1  ]" name="Testing the [ Built ] version of [ Celerium.FanartTV ] with [ HelpComment.Tests.ps1 ].[ Celerium.FanartTV ] module help tests.[ Get-FanartTVAPIKey ].[ Get-FanartTVAPIKey ] - Example has example code &amp; description   - [  EXAMPLE 1  ]" time="0.0119" asserts="0" success="True" result="Success" executed="True" />
                          <test-case description="[ Get-FanartTVAPIKey ] - Example has example code &amp; description   - [  EXAMPLE 2  ]" name="Testing the [ Built ] version of [ Celerium.FanartTV ] with [ HelpComment.Tests.ps1 ].[ Celerium.FanartTV ] module help tests.[ Get-FanartTVAPIKey ].[ Get-FanartTVAPIKey ] - Example has example code &amp; description   - [  EXAMPLE 2  ]" time="0.0067" asserts="0" success="True" result="Success" executed="True" />
                        </results>
                      </test-suite>
                    </results>
                  </test-suite>
                </results>
              </test-suite>
              <test-suite type="TestFixture" name="Testing the [ Built ] version of [ Celerium.FanartTV ] with [ HelpComment.Tests.ps1 ].[ Celerium.FanartTV ] module help tests" executed="True" result="Ignored" success="True" time="2.5923" asserts="0" description="Testing the [ Built ] version of [ Celerium.FanartTV ] with [ HelpComment.Tests.ps1 ].[ Celerium.FanartTV ] module help tests">
                <results>
                  <test-suite type="TestFixture" name="Testing the [ Built ] version of [ Celerium.FanartTV ] with [ HelpComment.Tests.ps1 ].[ Celerium.FanartTV ] module help tests.[ Get-FanartTVBaseURI ]" executed="True" result="Ignored" success="True" time="0.2205" asserts="0" description="Testing the [ Built ] version of [ Celerium.FanartTV ] with [ HelpComment.Tests.ps1 ].[ Celerium.FanartTV ] module help tests.[ Get-FanartTVBaseURI ]">
                    <results>
                      <test-case description="[ Get-FanartTVBaseURI ] contains comment based help" name="Testing the [ Built ] version of [ Celerium.FanartTV ] with [ HelpComment.Tests.ps1 ].[ Celerium.FanartTV ] module help tests.[ Get-FanartTVBaseURI ].[ Get-FanartTVBaseURI ] contains comment based help" time="0.0078" asserts="0" success="True" result="Success" executed="True" />
                      <test-case description="[ Get-FanartTVBaseURI ] contains a synopsis" name="Testing the [ Built ] version of [ Celerium.FanartTV ] with [ HelpComment.Tests.ps1 ].[ Celerium.FanartTV ] module help tests.[ Get-FanartTVBaseURI ].[ Get-FanartTVBaseURI ] contains a synopsis" time="0.005" asserts="0" success="True" result="Success" executed="True" />
                      <test-case description="[ Get-FanartTVBaseURI ] contains a description" name="Testing the [ Built ] version of [ Celerium.FanartTV ] with [ HelpComment.Tests.ps1 ].[ Celerium.FanartTV ] module help tests.[ Get-FanartTVBaseURI ].[ Get-FanartTVBaseURI ] contains a description" time="0.0048" asserts="0" success="True" result="Success" executed="True" />
                      <test-case description="[ Get-FanartTVBaseURI ] contains at least one usage example" name="Testing the [ Built ] version of [ Celerium.FanartTV ] with [ HelpComment.Tests.ps1 ].[ Celerium.FanartTV ] module help tests.[ Get-FanartTVBaseURI ].[ Get-FanartTVBaseURI ] contains at least one usage example" time="0.0059" asserts="0" success="True" result="Success" executed="True" />
                      <test-case description="[ Get-FanartTVBaseURI ] contains a note" name="Testing the [ Built ] version of [ Celerium.FanartTV ] with [ HelpComment.Tests.ps1 ].[ Celerium.FanartTV ] module help tests.[ Get-FanartTVBaseURI ].[ Get-FanartTVBaseURI ] contains a note" time="0.0055" asserts="0" success="True" result="Success" executed="True" />
                      <test-case description="[ Get-FanartTVBaseURI ] contains a link" name="Testing the [ Built ] version of [ Celerium.FanartTV ] with [ HelpComment.Tests.ps1 ].[ Celerium.FanartTV ] module help tests.[ Get-FanartTVBaseURI ].[ Get-FanartTVBaseURI ] contains a link" time="0.0048" asserts="0" success="True" result="Success" executed="True" />
                      <test-case description="[ Get-FanartTVBaseURI ] link should return 200" name="Testing the [ Built ] version of [ Celerium.FanartTV ] with [ HelpComment.Tests.ps1 ].[ Celerium.FanartTV ] module help tests.[ Get-FanartTVBaseURI ].[ Get-FanartTVBaseURI ] link should return 200" time="0.1055" asserts="0" success="True" result="Success" executed="True" />
                      <test-case description="[ Get-FanartTVBaseURI ] - Parameter has a description -" name="Testing the [ Built ] version of [ Celerium.FanartTV ] with [ HelpComment.Tests.ps1 ].[ Celerium.FanartTV ] module help tests.[ Get-FanartTVBaseURI ].[ Get-FanartTVBaseURI ] - Parameter has a description -" time="0.0627" asserts="0" success="False" result="Ignored" executed="False" />
                      <test-suite type="ParameterizedTest" name="Testing the [ Built ] version of [ Celerium.FanartTV ] with [ HelpComment.Tests.ps1 ].[ Celerium.FanartTV ] module help tests.[ Get-FanartTVBaseURI ].[ Get-FanartTVBaseURI ] - Example has example code &amp; description   - [ &lt;_.title -replace '-'.''&gt; ]" executed="True" result="Success" success="True" time="0.0078" asserts="0" description="[ Get-FanartTVBaseURI ] - Example has example code &amp; description   - [ &lt;_.title -replace '-'.''&gt; ]">
                        <results>
                          <test-case description="[ Get-FanartTVBaseURI ] - Example has example code &amp; description   - [  EXAMPLE 1  ]" name="Testing the [ Built ] version of [ Celerium.FanartTV ] with [ HelpComment.Tests.ps1 ].[ Celerium.FanartTV ] module help tests.[ Get-FanartTVBaseURI ].[ Get-FanartTVBaseURI ] - Example has example code &amp; description   - [  EXAMPLE 1  ]" time="0.0078" asserts="0" success="True" result="Success" executed="True" />
                        </results>
                      </test-suite>
                    </results>
                  </test-suite>
                </results>
              </test-suite>
              <test-suite type="TestFixture" name="Testing the [ Built ] version of [ Celerium.FanartTV ] with [ HelpComment.Tests.ps1 ].[ Celerium.FanartTV ] module help tests" executed="True" result="Failure" success="False" time="2.986" asserts="0" description="Testing the [ Built ] version of [ Celerium.FanartTV ] with [ HelpComment.Tests.ps1 ].[ Celerium.FanartTV ] module help tests">
                <results>
                  <test-suite type="TestFixture" name="Testing the [ Built ] version of [ Celerium.FanartTV ] with [ HelpComment.Tests.ps1 ].[ Celerium.FanartTV ] module help tests.[ Get-FanartTVLatest ]" executed="True" result="Failure" success="False" time="0.3834" asserts="0" description="Testing the [ Built ] version of [ Celerium.FanartTV ] with [ HelpComment.Tests.ps1 ].[ Celerium.FanartTV ] module help tests.[ Get-FanartTVLatest ]">
                    <results>
                      <test-case description="[ Get-FanartTVLatest ] contains comment based help" name="Testing the [ Built ] version of [ Celerium.FanartTV ] with [ HelpComment.Tests.ps1 ].[ Celerium.FanartTV ] module help tests.[ Get-FanartTVLatest ].[ Get-FanartTVLatest ] contains comment based help" time="0.0049" asserts="0" success="True" result="Success" executed="True" />
                      <test-case description="[ Get-FanartTVLatest ] contains a synopsis" name="Testing the [ Built ] version of [ Celerium.FanartTV ] with [ HelpComment.Tests.ps1 ].[ Celerium.FanartTV ] module help tests.[ Get-FanartTVLatest ].[ Get-FanartTVLatest ] contains a synopsis" time="0.0044" asserts="0" success="True" result="Success" executed="True" />
                      <test-case description="[ Get-FanartTVLatest ] contains a description" name="Testing the [ Built ] version of [ Celerium.FanartTV ] with [ HelpComment.Tests.ps1 ].[ Celerium.FanartTV ] module help tests.[ Get-FanartTVLatest ].[ Get-FanartTVLatest ] contains a description" time="0.005" asserts="0" success="True" result="Success" executed="True" />
                      <test-case description="[ Get-FanartTVLatest ] contains at least one usage example" name="Testing the [ Built ] version of [ Celerium.FanartTV ] with [ HelpComment.Tests.ps1 ].[ Celerium.FanartTV ] module help tests.[ Get-FanartTVLatest ].[ Get-FanartTVLatest ] contains at least one usage example" time="0.0099" asserts="0" success="True" result="Success" executed="True" />
                      <test-case description="[ Get-FanartTVLatest ] contains a note" name="Testing the [ Built ] version of [ Celerium.FanartTV ] with [ HelpComment.Tests.ps1 ].[ Celerium.FanartTV ] module help tests.[ Get-FanartTVLatest ].[ Get-FanartTVLatest ] contains a note" time="0.0048" asserts="0" success="True" result="Success" executed="True" />
                      <test-case description="[ Get-FanartTVLatest ] contains a link" name="Testing the [ Built ] version of [ Celerium.FanartTV ] with [ HelpComment.Tests.ps1 ].[ Celerium.FanartTV ] module help tests.[ Get-FanartTVLatest ].[ Get-FanartTVLatest ] contains a link" time="0.0049" asserts="0" success="True" result="Success" executed="True" />
                      <test-case description="[ Get-FanartTVLatest ] link should return 200" name="Testing the [ Built ] version of [ Celerium.FanartTV ] with [ HelpComment.Tests.ps1 ].[ Celerium.FanartTV ] module help tests.[ Get-FanartTVLatest ].[ Get-FanartTVLatest ] link should return 200" time="0.3008" asserts="0" success="False" result="Failure" executed="True">
                        <failure>
                          <message>Expected '200', but got $null.</message>
                          <stack-trace>at $Link.StatusCode | Should -Be '200', C:\Celerium\Projects\_API\Celerium.FanartTV\tests\HelpComment.Tests.ps1:226
at &lt;ScriptBlock&gt;, C:\Celerium\Projects\_API\Celerium.FanartTV\tests\HelpComment.Tests.ps1:226</stack-trace>
                        </failure>
                      </test-case>
                      <test-suite type="ParameterizedTest" name="Testing the [ Built ] version of [ Celerium.FanartTV ] with [ HelpComment.Tests.ps1 ].[ Celerium.FanartTV ] module help tests.[ Get-FanartTVLatest ].[ Get-FanartTVLatest ] - Parameter has a description - [ &lt;_.name&gt; ]" executed="True" result="Success" success="True" time="0.0155" asserts="0" description="[ Get-FanartTVLatest ] - Parameter has a description - [ &lt;_.name&gt; ]">
                        <results>
                          <test-case description="[ Get-FanartTVLatest ] - Parameter has a description - [ ResourceType ]" name="Testing the [ Built ] version of [ Celerium.FanartTV ] with [ HelpComment.Tests.ps1 ].[ Celerium.FanartTV ] module help tests.[ Get-FanartTVLatest ].[ Get-FanartTVLatest ] - Parameter has a description - [ ResourceType ]" time="0.0077" asserts="0" success="True" result="Success" executed="True" />
                          <test-case description="[ Get-FanartTVLatest ] - Parameter has a description - [ Date ]" name="Testing the [ Built ] version of [ Celerium.FanartTV ] with [ HelpComment.Tests.ps1 ].[ Celerium.FanartTV ] module help tests.[ Get-FanartTVLatest ].[ Get-FanartTVLatest ] - Parameter has a description - [ Date ]" time="0.0078" asserts="0" success="True" result="Success" executed="True" />
                        </results>
                      </test-suite>
                      <test-suite type="ParameterizedTest" name="Testing the [ Built ] version of [ Celerium.FanartTV ] with [ HelpComment.Tests.ps1 ].[ Celerium.FanartTV ] module help tests.[ Get-FanartTVLatest ].[ Get-FanartTVLatest ] - Example has example code &amp; description   - [ &lt;_.title -replace '-'.''&gt; ]" executed="True" result="Success" success="True" time="0.0213" asserts="0" description="[ Get-FanartTVLatest ] - Example has example code &amp; description   - [ &lt;_.title -replace '-'.''&gt; ]">
                        <results>
                          <test-case description="[ Get-FanartTVLatest ] - Example has example code &amp; description   - [  EXAMPLE 1  ]" name="Testing the [ Built ] version of [ Celerium.FanartTV ] with [ HelpComment.Tests.ps1 ].[ Celerium.FanartTV ] module help tests.[ Get-FanartTVLatest ].[ Get-FanartTVLatest ] - Example has example code &amp; description   - [  EXAMPLE 1  ]" time="0.0144" asserts="0" success="True" result="Success" executed="True" />
                          <test-case description="[ Get-FanartTVLatest ] - Example has example code &amp; description   - [  EXAMPLE 2  ]" name="Testing the [ Built ] version of [ Celerium.FanartTV ] with [ HelpComment.Tests.ps1 ].[ Celerium.FanartTV ] module help tests.[ Get-FanartTVLatest ].[ Get-FanartTVLatest ] - Example has example code &amp; description   - [  EXAMPLE 2  ]" time="0.0069" asserts="0" success="True" result="Success" executed="True" />
                        </results>
                      </test-suite>
                    </results>
                  </test-suite>
                </results>
              </test-suite>
              <test-suite type="TestFixture" name="Testing the [ Built ] version of [ Celerium.FanartTV ] with [ HelpComment.Tests.ps1 ].[ Celerium.FanartTV ] module help tests" executed="True" result="Success" success="True" time="3.2626" asserts="0" description="Testing the [ Built ] version of [ Celerium.FanartTV ] with [ HelpComment.Tests.ps1 ].[ Celerium.FanartTV ] module help tests">
                <results>
                  <test-suite type="TestFixture" name="Testing the [ Built ] version of [ Celerium.FanartTV ] with [ HelpComment.Tests.ps1 ].[ Celerium.FanartTV ] module help tests.[ Get-FanartTVModuleSettings ]" executed="True" result="Success" success="True" time="0.2625" asserts="0" description="Testing the [ Built ] version of [ Celerium.FanartTV ] with [ HelpComment.Tests.ps1 ].[ Celerium.FanartTV ] module help tests.[ Get-FanartTVModuleSettings ]">
                    <results>
                      <test-case description="[ Get-FanartTVModuleSettings ] contains comment based help" name="Testing the [ Built ] version of [ Celerium.FanartTV ] with [ HelpComment.Tests.ps1 ].[ Celerium.FanartTV ] module help tests.[ Get-FanartTVModuleSettings ].[ Get-FanartTVModuleSettings ] contains comment based help" time="0.005" asserts="0" success="True" result="Success" executed="True" />
                      <test-case description="[ Get-FanartTVModuleSettings ] contains a synopsis" name="Testing the [ Built ] version of [ Celerium.FanartTV ] with [ HelpComment.Tests.ps1 ].[ Celerium.FanartTV ] module help tests.[ Get-FanartTVModuleSettings ].[ Get-FanartTVModuleSettings ] contains a synopsis" time="0.0045" asserts="0" success="True" result="Success" executed="True" />
                      <test-case description="[ Get-FanartTVModuleSettings ] contains a description" name="Testing the [ Built ] version of [ Celerium.FanartTV ] with [ HelpComment.Tests.ps1 ].[ Celerium.FanartTV ] module help tests.[ Get-FanartTVModuleSettings ].[ Get-FanartTVModuleSettings ] contains a description" time="0.0053" asserts="0" success="True" result="Success" executed="True" />
                      <test-case description="[ Get-FanartTVModuleSettings ] contains at least one usage example" name="Testing the [ Built ] version of [ Celerium.FanartTV ] with [ HelpComment.Tests.ps1 ].[ Celerium.FanartTV ] module help tests.[ Get-FanartTVModuleSettings ].[ Get-FanartTVModuleSettings ] contains at least one usage example" time="0.0061" asserts="0" success="True" result="Success" executed="True" />
                      <test-case description="[ Get-FanartTVModuleSettings ] contains a note" name="Testing the [ Built ] version of [ Celerium.FanartTV ] with [ HelpComment.Tests.ps1 ].[ Celerium.FanartTV ] module help tests.[ Get-FanartTVModuleSettings ].[ Get-FanartTVModuleSettings ] contains a note" time="0.0081" asserts="0" success="True" result="Success" executed="True" />
                      <test-case description="[ Get-FanartTVModuleSettings ] contains a link" name="Testing the [ Built ] version of [ Celerium.FanartTV ] with [ HelpComment.Tests.ps1 ].[ Celerium.FanartTV ] module help tests.[ Get-FanartTVModuleSettings ].[ Get-FanartTVModuleSettings ] contains a link" time="0.0049" asserts="0" success="True" result="Success" executed="True" />
                      <test-case description="[ Get-FanartTVModuleSettings ] link should return 200" name="Testing the [ Built ] version of [ Celerium.FanartTV ] with [ HelpComment.Tests.ps1 ].[ Celerium.FanartTV ] module help tests.[ Get-FanartTVModuleSettings ].[ Get-FanartTVModuleSettings ] link should return 200" time="0.1781" asserts="0" success="True" result="Success" executed="True" />
                      <test-suite type="ParameterizedTest" name="Testing the [ Built ] version of [ Celerium.FanartTV ] with [ HelpComment.Tests.ps1 ].[ Celerium.FanartTV ] module help tests.[ Get-FanartTVModuleSettings ].[ Get-FanartTVModuleSettings ] - Parameter has a description - [ &lt;_.name&gt; ]" executed="True" result="Success" success="True" time="0.0227" asserts="0" description="[ Get-FanartTVModuleSettings ] - Parameter has a description - [ &lt;_.name&gt; ]">
                        <results>
                          <test-case description="[ Get-FanartTVModuleSettings ] - Parameter has a description - [ FanartTVConfigPath ]" name="Testing the [ Built ] version of [ Celerium.FanartTV ] with [ HelpComment.Tests.ps1 ].[ Celerium.FanartTV ] module help tests.[ Get-FanartTVModuleSettings ].[ Get-FanartTVModuleSettings ] - Parameter has a description - [ FanartTVConfigPath ]" time="0.0075" asserts="0" success="True" result="Success" executed="True" />
                          <test-case description="[ Get-FanartTVModuleSettings ] - Parameter has a description - [ FanartTVConfigFile ]" name="Testing the [ Built ] version of [ Celerium.FanartTV ] with [ HelpComment.Tests.ps1 ].[ Celerium.FanartTV ] module help tests.[ Get-FanartTVModuleSettings ].[ Get-FanartTVModuleSettings ] - Parameter has a description - [ FanartTVConfigFile ]" time="0.0054" asserts="0" success="True" result="Success" executed="True" />
                          <test-case description="[ Get-FanartTVModuleSettings ] - Parameter has a description - [ OpenConfigFile ]" name="Testing the [ Built ] version of [ Celerium.FanartTV ] with [ HelpComment.Tests.ps1 ].[ Celerium.FanartTV ] module help tests.[ Get-FanartTVModuleSettings ].[ Get-FanartTVModuleSettings ] - Parameter has a description - [ OpenConfigFile ]" time="0.0098" asserts="0" success="True" result="Success" executed="True" />
                        </results>
                      </test-suite>
                      <test-suite type="ParameterizedTest" name="Testing the [ Built ] version of [ Celerium.FanartTV ] with [ HelpComment.Tests.ps1 ].[ Celerium.FanartTV ] module help tests.[ Get-FanartTVModuleSettings ].[ Get-FanartTVModuleSettings ] - Example has example code &amp; description   - [ &lt;_.title -replace '-'.''&gt; ]" executed="True" result="Success" success="True" time="0.0156" asserts="0" description="[ Get-FanartTVModuleSettings ] - Example has example code &amp; description   - [ &lt;_.title -replace '-'.''&gt; ]">
                        <results>
                          <test-case description="[ Get-FanartTVModuleSettings ] - Example has example code &amp; description   - [  EXAMPLE 1  ]" name="Testing the [ Built ] version of [ Celerium.FanartTV ] with [ HelpComment.Tests.ps1 ].[ Celerium.FanartTV ] module help tests.[ Get-FanartTVModuleSettings ].[ Get-FanartTVModuleSettings ] - Example has example code &amp; description   - [  EXAMPLE 1  ]" time="0.0086" asserts="0" success="True" result="Success" executed="True" />
                          <test-case description="[ Get-FanartTVModuleSettings ] - Example has example code &amp; description   - [  EXAMPLE 2  ]" name="Testing the [ Built ] version of [ Celerium.FanartTV ] with [ HelpComment.Tests.ps1 ].[ Celerium.FanartTV ] module help tests.[ Get-FanartTVModuleSettings ].[ Get-FanartTVModuleSettings ] - Example has example code &amp; description   - [  EXAMPLE 2  ]" time="0.007" asserts="0" success="True" result="Success" executed="True" />
                        </results>
                      </test-suite>
                    </results>
                  </test-suite>
                </results>
              </test-suite>
              <test-suite type="TestFixture" name="Testing the [ Built ] version of [ Celerium.FanartTV ] with [ HelpComment.Tests.ps1 ].[ Celerium.FanartTV ] module help tests" executed="True" result="Failure" success="False" time="3.6185" asserts="0" description="Testing the [ Built ] version of [ Celerium.FanartTV ] with [ HelpComment.Tests.ps1 ].[ Celerium.FanartTV ] module help tests">
                <results>
                  <test-suite type="TestFixture" name="Testing the [ Built ] version of [ Celerium.FanartTV ] with [ HelpComment.Tests.ps1 ].[ Celerium.FanartTV ] module help tests.[ Get-FanartTVMovie ]" executed="True" result="Failure" success="False" time="0.3445" asserts="0" description="Testing the [ Built ] version of [ Celerium.FanartTV ] with [ HelpComment.Tests.ps1 ].[ Celerium.FanartTV ] module help tests.[ Get-FanartTVMovie ]">
                    <results>
                      <test-case description="[ Get-FanartTVMovie ] contains comment based help" name="Testing the [ Built ] version of [ Celerium.FanartTV ] with [ HelpComment.Tests.ps1 ].[ Celerium.FanartTV ] module help tests.[ Get-FanartTVMovie ].[ Get-FanartTVMovie ] contains comment based help" time="0.005" asserts="0" success="True" result="Success" executed="True" />
                      <test-case description="[ Get-FanartTVMovie ] contains a synopsis" name="Testing the [ Built ] version of [ Celerium.FanartTV ] with [ HelpComment.Tests.ps1 ].[ Celerium.FanartTV ] module help tests.[ Get-FanartTVMovie ].[ Get-FanartTVMovie ] contains a synopsis" time="0.0053" asserts="0" success="True" result="Success" executed="True" />
                      <test-case description="[ Get-FanartTVMovie ] contains a description" name="Testing the [ Built ] version of [ Celerium.FanartTV ] with [ HelpComment.Tests.ps1 ].[ Celerium.FanartTV ] module help tests.[ Get-FanartTVMovie ].[ Get-FanartTVMovie ] contains a description" time="0.0046" asserts="0" success="True" result="Success" executed="True" />
                      <test-case description="[ Get-FanartTVMovie ] contains at least one usage example" name="Testing the [ Built ] version of [ Celerium.FanartTV ] with [ HelpComment.Tests.ps1 ].[ Celerium.FanartTV ] module help tests.[ Get-FanartTVMovie ].[ Get-FanartTVMovie ] contains at least one usage example" time="0.0059" asserts="0" success="True" result="Success" executed="True" />
                      <test-case description="[ Get-FanartTVMovie ] contains a note" name="Testing the [ Built ] version of [ Celerium.FanartTV ] with [ HelpComment.Tests.ps1 ].[ Celerium.FanartTV ] module help tests.[ Get-FanartTVMovie ].[ Get-FanartTVMovie ] contains a note" time="0.0076" asserts="0" success="True" result="Success" executed="True" />
                      <test-case description="[ Get-FanartTVMovie ] contains a link" name="Testing the [ Built ] version of [ Celerium.FanartTV ] with [ HelpComment.Tests.ps1 ].[ Celerium.FanartTV ] module help tests.[ Get-FanartTVMovie ].[ Get-FanartTVMovie ] contains a link" time="0.0047" asserts="0" success="True" result="Success" executed="True" />
                      <test-case description="[ Get-FanartTVMovie ] link should return 200" name="Testing the [ Built ] version of [ Celerium.FanartTV ] with [ HelpComment.Tests.ps1 ].[ Celerium.FanartTV ] module help tests.[ Get-FanartTVMovie ].[ Get-FanartTVMovie ] link should return 200" time="0.2791" asserts="0" success="False" result="Failure" executed="True">
                        <failure>
                          <message>Expected '200', but got $null.</message>
                          <stack-trace>at $Link.StatusCode | Should -Be '200', C:\Celerium\Projects\_API\Celerium.FanartTV\tests\HelpComment.Tests.ps1:226
at &lt;ScriptBlock&gt;, C:\Celerium\Projects\_API\Celerium.FanartTV\tests\HelpComment.Tests.ps1:226</stack-trace>
                        </failure>
                      </test-case>
                      <test-suite type="ParameterizedTest" name="Testing the [ Built ] version of [ Celerium.FanartTV ] with [ HelpComment.Tests.ps1 ].[ Celerium.FanartTV ] module help tests.[ Get-FanartTVMovie ].[ Get-FanartTVMovie ] - Parameter has a description - [ &lt;_.name&gt; ]" executed="True" result="Success" success="True" time="0.0068" asserts="0" description="[ Get-FanartTVMovie ] - Parameter has a description - [ &lt;_.name&gt; ]">
                        <results>
                          <test-case description="[ Get-FanartTVMovie ] - Parameter has a description - [ ID ]" name="Testing the [ Built ] version of [ Celerium.FanartTV ] with [ HelpComment.Tests.ps1 ].[ Celerium.FanartTV ] module help tests.[ Get-FanartTVMovie ].[ Get-FanartTVMovie ] - Parameter has a description - [ ID ]" time="0.0068" asserts="0" success="True" result="Success" executed="True" />
                        </results>
                      </test-suite>
                      <test-suite type="ParameterizedTest" name="Testing the [ Built ] version of [ Celerium.FanartTV ] with [ HelpComment.Tests.ps1 ].[ Celerium.FanartTV ] module help tests.[ Get-FanartTVMovie ].[ Get-FanartTVMovie ] - Example has example code &amp; description   - [ &lt;_.title -replace '-'.''&gt; ]" executed="True" result="Success" success="True" time="0.0103" asserts="0" description="[ Get-FanartTVMovie ] - Example has example code &amp; description   - [ &lt;_.title -replace '-'.''&gt; ]">
                        <results>
                          <test-case description="[ Get-FanartTVMovie ] - Example has example code &amp; description   - [  EXAMPLE 1  ]" name="Testing the [ Built ] version of [ Celerium.FanartTV ] with [ HelpComment.Tests.ps1 ].[ Celerium.FanartTV ] module help tests.[ Get-FanartTVMovie ].[ Get-FanartTVMovie ] - Example has example code &amp; description   - [  EXAMPLE 1  ]" time="0.0103" asserts="0" success="True" result="Success" executed="True" />
                        </results>
                      </test-suite>
                    </results>
                  </test-suite>
                </results>
              </test-suite>
              <test-suite type="TestFixture" name="Testing the [ Built ] version of [ Celerium.FanartTV ] with [ HelpComment.Tests.ps1 ].[ Celerium.FanartTV ] module help tests" executed="True" result="Failure" success="False" time="4.1872" asserts="0" description="Testing the [ Built ] version of [ Celerium.FanartTV ] with [ HelpComment.Tests.ps1 ].[ Celerium.FanartTV ] module help tests">
                <results>
                  <test-suite type="TestFixture" name="Testing the [ Built ] version of [ Celerium.FanartTV ] with [ HelpComment.Tests.ps1 ].[ Celerium.FanartTV ] module help tests.[ Get-FanartTVMusic ]" executed="True" result="Failure" success="False" time="0.5565" asserts="0" description="Testing the [ Built ] version of [ Celerium.FanartTV ] with [ HelpComment.Tests.ps1 ].[ Celerium.FanartTV ] module help tests.[ Get-FanartTVMusic ]">
                    <results>
                      <test-case description="[ Get-FanartTVMusic ] contains comment based help" name="Testing the [ Built ] version of [ Celerium.FanartTV ] with [ HelpComment.Tests.ps1 ].[ Celerium.FanartTV ] module help tests.[ Get-FanartTVMusic ].[ Get-FanartTVMusic ] contains comment based help" time="0.0105" asserts="0" success="True" result="Success" executed="True" />
                      <test-case description="[ Get-FanartTVMusic ] contains a synopsis" name="Testing the [ Built ] version of [ Celerium.FanartTV ] with [ HelpComment.Tests.ps1 ].[ Celerium.FanartTV ] module help tests.[ Get-FanartTVMusic ].[ Get-FanartTVMusic ] contains a synopsis" time="0.0063" asserts="0" success="True" result="Success" executed="True" />
                      <test-case description="[ Get-FanartTVMusic ] contains a description" name="Testing the [ Built ] version of [ Celerium.FanartTV ] with [ HelpComment.Tests.ps1 ].[ Celerium.FanartTV ] module help tests.[ Get-FanartTVMusic ].[ Get-FanartTVMusic ] contains a description" time="0.0066" asserts="0" success="True" result="Success" executed="True" />
                      <test-case description="[ Get-FanartTVMusic ] contains at least one usage example" name="Testing the [ Built ] version of [ Celerium.FanartTV ] with [ HelpComment.Tests.ps1 ].[ Celerium.FanartTV ] module help tests.[ Get-FanartTVMusic ].[ Get-FanartTVMusic ] contains at least one usage example" time="0.0063" asserts="0" success="True" result="Success" executed="True" />
                      <test-case description="[ Get-FanartTVMusic ] contains a note" name="Testing the [ Built ] version of [ Celerium.FanartTV ] with [ HelpComment.Tests.ps1 ].[ Celerium.FanartTV ] module help tests.[ Get-FanartTVMusic ].[ Get-FanartTVMusic ] contains a note" time="0.0044" asserts="0" success="True" result="Success" executed="True" />
                      <test-case description="[ Get-FanartTVMusic ] contains a link" name="Testing the [ Built ] version of [ Celerium.FanartTV ] with [ HelpComment.Tests.ps1 ].[ Celerium.FanartTV ] module help tests.[ Get-FanartTVMusic ].[ Get-FanartTVMusic ] contains a link" time="0.0085" asserts="0" success="True" result="Success" executed="True" />
                      <test-case description="[ Get-FanartTVMusic ] link should return 200" name="Testing the [ Built ] version of [ Celerium.FanartTV ] with [ HelpComment.Tests.ps1 ].[ Celerium.FanartTV ] module help tests.[ Get-FanartTVMusic ].[ Get-FanartTVMusic ] link should return 200" time="0.4584" asserts="0" success="False" result="Failure" executed="True">
                        <failure>
                          <message>Expected '200', but got $null.</message>
                          <stack-trace>at $Link.StatusCode | Should -Be '200', C:\Celerium\Projects\_API\Celerium.FanartTV\tests\HelpComment.Tests.ps1:226
at &lt;ScriptBlock&gt;, C:\Celerium\Projects\_API\Celerium.FanartTV\tests\HelpComment.Tests.ps1:226</stack-trace>
                        </failure>
                      </test-case>
                      <test-suite type="ParameterizedTest" name="Testing the [ Built ] version of [ Celerium.FanartTV ] with [ HelpComment.Tests.ps1 ].[ Celerium.FanartTV ] module help tests.[ Get-FanartTVMusic ].[ Get-FanartTVMusic ] - Parameter has a description - [ &lt;_.name&gt; ]" executed="True" result="Success" success="True" time="0.0189" asserts="0" description="[ Get-FanartTVMusic ] - Parameter has a description - [ &lt;_.name&gt; ]">
                        <results>
                          <test-case description="[ Get-FanartTVMusic ] - Parameter has a description - [ ImageType ]" name="Testing the [ Built ] version of [ Celerium.FanartTV ] with [ HelpComment.Tests.ps1 ].[ Celerium.FanartTV ] module help tests.[ Get-FanartTVMusic ].[ Get-FanartTVMusic ] - Parameter has a description - [ ImageType ]" time="0.0087" asserts="0" success="True" result="Success" executed="True" />
                          <test-case description="[ Get-FanartTVMusic ] - Parameter has a description - [ ID ]" name="Testing the [ Built ] version of [ Celerium.FanartTV ] with [ HelpComment.Tests.ps1 ].[ Celerium.FanartTV ] module help tests.[ Get-FanartTVMusic ].[ Get-FanartTVMusic ] - Parameter has a description - [ ID ]" time="0.0102" asserts="0" success="True" result="Success" executed="True" />
                        </results>
                      </test-suite>
                      <test-suite type="ParameterizedTest" name="Testing the [ Built ] version of [ Celerium.FanartTV ] with [ HelpComment.Tests.ps1 ].[ Celerium.FanartTV ] module help tests.[ Get-FanartTVMusic ].[ Get-FanartTVMusic ] - Example has example code &amp; description   - [ &lt;_.title -replace '-'.''&gt; ]" executed="True" result="Success" success="True" time="0.0252" asserts="0" description="[ Get-FanartTVMusic ] - Example has example code &amp; description   - [ &lt;_.title -replace '-'.''&gt; ]">
                        <results>
                          <test-case description="[ Get-FanartTVMusic ] - Example has example code &amp; description   - [  EXAMPLE 1  ]" name="Testing the [ Built ] version of [ Celerium.FanartTV ] with [ HelpComment.Tests.ps1 ].[ Celerium.FanartTV ] module help tests.[ Get-FanartTVMusic ].[ Get-FanartTVMusic ] - Example has example code &amp; description   - [  EXAMPLE 1  ]" time="0.0103" asserts="0" success="True" result="Success" executed="True" />
                          <test-case description="[ Get-FanartTVMusic ] - Example has example code &amp; description   - [  EXAMPLE 2  ]" name="Testing the [ Built ] version of [ Celerium.FanartTV ] with [ HelpComment.Tests.ps1 ].[ Celerium.FanartTV ] module help tests.[ Get-FanartTVMusic ].[ Get-FanartTVMusic ] - Example has example code &amp; description   - [  EXAMPLE 2  ]" time="0.0085" asserts="0" success="True" result="Success" executed="True" />
                          <test-case description="[ Get-FanartTVMusic ] - Example has example code &amp; description   - [  EXAMPLE 3  ]" name="Testing the [ Built ] version of [ Celerium.FanartTV ] with [ HelpComment.Tests.ps1 ].[ Celerium.FanartTV ] module help tests.[ Get-FanartTVMusic ].[ Get-FanartTVMusic ] - Example has example code &amp; description   - [  EXAMPLE 3  ]" time="0.0063" asserts="0" success="True" result="Success" executed="True" />
                        </results>
                      </test-suite>
                    </results>
                  </test-suite>
                </results>
              </test-suite>
              <test-suite type="TestFixture" name="Testing the [ Built ] version of [ Celerium.FanartTV ] with [ HelpComment.Tests.ps1 ].[ Celerium.FanartTV ] module help tests" executed="True" result="Failure" success="False" time="4.6765" asserts="0" description="Testing the [ Built ] version of [ Celerium.FanartTV ] with [ HelpComment.Tests.ps1 ].[ Celerium.FanartTV ] module help tests">
                <results>
                  <test-suite type="TestFixture" name="Testing the [ Built ] version of [ Celerium.FanartTV ] with [ HelpComment.Tests.ps1 ].[ Celerium.FanartTV ] module help tests.[ Get-FanartTVShow ]" executed="True" result="Failure" success="False" time="0.4808" asserts="0" description="Testing the [ Built ] version of [ Celerium.FanartTV ] with [ HelpComment.Tests.ps1 ].[ Celerium.FanartTV ] module help tests.[ Get-FanartTVShow ]">
                    <results>
                      <test-case description="[ Get-FanartTVShow ] contains comment based help" name="Testing the [ Built ] version of [ Celerium.FanartTV ] with [ HelpComment.Tests.ps1 ].[ Celerium.FanartTV ] module help tests.[ Get-FanartTVShow ].[ Get-FanartTVShow ] contains comment based help" time="0.0059" asserts="0" success="True" result="Success" executed="True" />
                      <test-case description="[ Get-FanartTVShow ] contains a synopsis" name="Testing the [ Built ] version of [ Celerium.FanartTV ] with [ HelpComment.Tests.ps1 ].[ Celerium.FanartTV ] module help tests.[ Get-FanartTVShow ].[ Get-FanartTVShow ] contains a synopsis" time="0.0045" asserts="0" success="True" result="Success" executed="True" />
                      <test-case description="[ Get-FanartTVShow ] contains a description" name="Testing the [ Built ] version of [ Celerium.FanartTV ] with [ HelpComment.Tests.ps1 ].[ Celerium.FanartTV ] module help tests.[ Get-FanartTVShow ].[ Get-FanartTVShow ] contains a description" time="0.0049" asserts="0" success="True" result="Success" executed="True" />
[...]
                </results>
              </test-suite>
            </results>
          </test-suite>
        </results>
      </test-suite>
      <test-suite type="TestFixture" name="C:\Celerium\Projects\_API\Celerium.FanartTV\tests\Private\BaseUri\Add-FanartTVBaseURI.Tests.ps1" executed="True" result="Success" success="True" time="0.2087" asserts="0" description="C:\Celerium\Projects\_API\Celerium.FanartTV\tests\Private\BaseUri\Add-FanartTVBaseURI.Tests.ps1">
        <results>
          <test-suite type="TestFixture" name="Testing [ Add-FanartTVBaseURI ] functions with [ Add-FanartTVBaseURI.Tests.ps1 ]" executed="True" result="Success" success="True" time="0.0994" asserts="0" description="Testing [ Add-FanartTVBaseURI ] functions with [ Add-FanartTVBaseURI.Tests.ps1 ]">
            <results>
              <test-suite type="TestFixture" name="Testing [ Add-FanartTVBaseURI ] functions with [ Add-FanartTVBaseURI.Tests.ps1 ].[ Add-FanartTVBaseURI ] testing functions" executed="True" result="Success" success="True" time="0.0918" asserts="0" description="Testing [ Add-FanartTVBaseURI ] functions with [ Add-FanartTVBaseURI.Tests.ps1 ].[ Add-FanartTVBaseURI ] testing functions">
                <results>
                  <test-case description="[ Add-FanartTVBaseURI ] should have an alias of [ Set-FanartTVBaseURI ]" name="Testing [ Add-FanartTVBaseURI ] functions with [ Add-FanartTVBaseURI.Tests.ps1 ].[ Add-FanartTVBaseURI ] testing functions.[ Add-FanartTVBaseURI ] should have an alias of [ Set-FanartTVBaseURI ]" time="0.0063" asserts="0" success="True" result="Success" executed="True" />
                  <test-case description="Should accept a value from the pipeline" name="Testing [ Add-FanartTVBaseURI ] functions with [ Add-FanartTVBaseURI.Tests.ps1 ].[ Add-FanartTVBaseURI ] testing functions.Should accept a value from the pipeline" time="0.0083" asserts="0" success="True" result="Success" executed="True" />
                  <test-case description="With parameter -BaseUri  should return what was inputted" name="Testing [ Add-FanartTVBaseURI ] functions with [ Add-FanartTVBaseURI.Tests.ps1 ].[ Add-FanartTVBaseURI ] testing functions.With parameter -BaseUri  should return what was inputted" time="0.0106" asserts="0" success="True" result="Success" executed="True" />
                  <test-case description="The default URI should NOT contain a trailing forward slash" name="Testing [ Add-FanartTVBaseURI ] functions with [ Add-FanartTVBaseURI.Tests.ps1 ].[ Add-FanartTVBaseURI ] testing functions.The default URI should NOT contain a trailing forward slash" time="0.0484" asserts="0" success="True" result="Success" executed="True" />
                  <test-case description="A custom URI should NOT contain a trailing forward slash" name="Testing [ Add-FanartTVBaseURI ] functions with [ Add-FanartTVBaseURI.Tests.ps1 ].[ Add-FanartTVBaseURI ] testing functions.A custom URI should NOT contain a trailing forward slash" time="0.0083" asserts="0" success="True" result="Success" executed="True" />
                </results>
              </test-suite>
            </results>
          </test-suite>
        </results>
      </test-suite>
      <test-suite type="TestFixture" name="C:\Celerium\Projects\_API\Celerium.FanartTV\tests\Private\BaseUri\Get-FanartTVBaseURI.Tests.ps1" executed="True" result="Success" success="True" time="0.1747" asserts="0" description="C:\Celerium\Projects\_API\Celerium.FanartTV\tests\Private\BaseUri\Get-FanartTVBaseURI.Tests.ps1">
        <results>
          <test-suite type="TestFixture" name="Testing [ Get-FanartTVBaseURI ] function with [ Get-FanartTVBaseURI.Tests.ps1 ]" executed="True" result="Success" success="True" time="0.0651" asserts="0" description="Testing [ Get-FanartTVBaseURI ] function with [ Get-FanartTVBaseURI.Tests.ps1 ]">
            <results>
              <test-suite type="TestFixture" name="Testing [ Get-FanartTVBaseURI ] function with [ Get-FanartTVBaseURI.Tests.ps1 ].[ Get-FanartTVBaseURI ] testing function" executed="True" result="Success" success="True" time="0.0564" asserts="0" description="Testing [ Get-FanartTVBaseURI ] function with [ Get-FanartTVBaseURI.Tests.ps1 ].[ Get-FanartTVBaseURI ] testing function">
                <results>
                  <test-case description="The default URI should be returned" name="Testing [ Get-FanartTVBaseURI ] function with [ Get-FanartTVBaseURI.Tests.ps1 ].[ Get-FanartTVBaseURI ] testing function.The default URI should be returned" time="0.0087" asserts="0" success="True" result="Success" executed="True" />
                  <test-case description="The URI should be a string" name="Testing [ Get-FanartTVBaseURI ] function with [ Get-FanartTVBaseURI.Tests.ps1 ].[ Get-FanartTVBaseURI ] testing function.The URI should be a string" time="0.0101" asserts="0" success="True" result="Success" executed="True" />
                  <test-case description="The default URI should NOT contain a trailing forward slash" name="Testing [ Get-FanartTVBaseURI ] function with [ Get-FanartTVBaseURI.Tests.ps1 ].[ Get-FanartTVBaseURI ] testing function.The default URI should NOT contain a trailing forward slash" time="0.0114" asserts="0" success="True" result="Success" executed="True" />
                  <test-case description="A custom URI should NOT contain a trailing forward slash" name="Testing [ Get-FanartTVBaseURI ] function with [ Get-FanartTVBaseURI.Tests.ps1 ].[ Get-FanartTVBaseURI ] testing function.A custom URI should NOT contain a trailing forward slash" time="0.008" asserts="0" success="True" result="Success" executed="True" />
                  <test-case description="If the baseUri is not set a warning should be thrown" name="Testing [ Get-FanartTVBaseURI ] function with [ Get-FanartTVBaseURI.Tests.ps1 ].[ Get-FanartTVBaseURI ] testing function.If the baseUri is not set a warning should be thrown" time="0.0074" asserts="0" success="True" result="Success" executed="True" />
                </results>
              </test-suite>
            </results>
          </test-suite>
        </results>
      </test-suite>
      <test-suite type="TestFixture" name="C:\Celerium\Projects\_API\Celerium.FanartTV\tests\Private\BaseUri\Remove-FanartTVBaseURI.Tests.ps1" executed="True" result="Success" success="True" time="0.1403" asserts="0" description="C:\Celerium\Projects\_API\Celerium.FanartTV\tests\Private\BaseUri\Remove-FanartTVBaseURI.Tests.ps1">
        <results>
          <test-suite type="TestFixture" name="Testing [ Remove-FanartTVBaseURI ] function with [ Remove-FanartTVBaseURI.Tests.ps1 ]" executed="True" result="Success" success="True" time="0.0401" asserts="0" description="Testing [ Remove-FanartTVBaseURI ] function with [ Remove-FanartTVBaseURI.Tests.ps1 ]">
            <results>
              <test-suite type="TestFixture" name="Testing [ Remove-FanartTVBaseURI ] function with [ Remove-FanartTVBaseURI.Tests.ps1 ].[ Remove-FanartTVBaseURI ] testing function" executed="True" result="Success" success="True" time="0.0319" asserts="0" description="Testing [ Remove-FanartTVBaseURI ] function with [ Remove-FanartTVBaseURI.Tests.ps1 ].[ Remove-FanartTVBaseURI ] testing function">
                <results>
                  <test-case description="The baseUri variable should not longer exist" name="Testing [ Remove-FanartTVBaseURI ] function with [ Remove-FanartTVBaseURI.Tests.ps1 ].[ Remove-FanartTVBaseURI ] testing function.The baseUri variable should not longer exist" time="0.0088" asserts="0" success="True" result="Success" executed="True" />
                  <test-case description="If the baseUri is already gone a warning should be thrown" name="Testing [ Remove-FanartTVBaseURI ] function with [ Remove-FanartTVBaseURI.Tests.ps1 ].[ Remove-FanartTVBaseURI ] testing function.If the baseUri is already gone a warning should be thrown" time="0.014" asserts="0" success="True" result="Success" executed="True" />
                </results>
              </test-suite>
            </results>
          </test-suite>
        </results>
      </test-suite>
      <test-suite type="TestFixture" name="C:\Celerium\Projects\_API\Celerium.FanartTV\tests\Private\ModuleSettings\Export-FanartTVModuleSettings.Tests.ps1" executed="True" result="Success" success="True" time="0.2381" asserts="0" description="C:\Celerium\Projects\_API\Celerium.FanartTV\tests\Private\ModuleSettings\Export-FanartTVModuleSettings.Tests.ps1">
        <results>
          <test-suite type="TestFixture" name="Testing [ Export-FanartTVModuleSettings ] function with [ Export-FanartTVModuleSettings.Tests.ps1 ]" executed="True" result="Success" success="True" time="0.1369" asserts="0" description="Testing [ Export-FanartTVModuleSettings ] function with [ Export-FanartTVModuleSettings.Tests.ps1 ]">
            <results>
              <test-suite type="TestFixture" name="Testing [ Export-FanartTVModuleSettings ] function with [ Export-FanartTVModuleSettings.Tests.ps1 ].[ Export-FanartTVModuleSettings ] testing function" executed="True" result="Success" success="True" time="0.1296" asserts="0" description="Testing [ Export-FanartTVModuleSettings ] function with [ Export-FanartTVModuleSettings.Tests.ps1 ].[ Export-FanartTVModuleSettings ] testing function">
                <results>
                  <test-case description="Should export successfully" name="Testing [ Export-FanartTVModuleSettings ] function with [ Export-FanartTVModuleSettings.Tests.ps1 ].[ Export-FanartTVModuleSettings ] testing function.Should export successfully" time="0.0302" asserts="0" success="True" result="Success" executed="True" />
                  <test-case description="Configuration directory should be hidden" name="Testing [ Export-FanartTVModuleSettings ] function with [ Export-FanartTVModuleSettings.Tests.ps1 ].[ Export-FanartTVModuleSettings ] testing function.Configuration directory should be hidden" time="0.0526" asserts="0" success="True" result="Success" executed="True" />
                  <test-case description="Configuration file should contain required values" name="Testing [ Export-FanartTVModuleSettings ] function with [ Export-FanartTVModuleSettings.Tests.ps1 ].[ Export-FanartTVModuleSettings ] testing function.Configuration file should contain required values" time="0.0387" asserts="0" success="True" result="Success" executed="True" />
                </results>
              </test-suite>
            </results>
          </test-suite>
        </results>
      </test-suite>
      <test-suite type="TestFixture" name="C:\Celerium\Projects\_API\Celerium.FanartTV\tests\Private\ModuleSettings\Get-FanartTVModuleSettings.Tests.ps1" executed="True" result="Success" success="True" time="0.1741" asserts="0" description="C:\Celerium\Projects\_API\Celerium.FanartTV\tests\Private\ModuleSettings\Get-FanartTVModuleSettings.Tests.ps1">
        <results>
          <test-suite type="TestFixture" name="Testing [ Get-FanartTVModuleSettings ] function with [ Get-FanartTVModuleSettings.Tests.ps1 ]" executed="True" result="Success" success="True" time="0.0733" asserts="0" description="Testing [ Get-FanartTVModuleSettings ] function with [ Get-FanartTVModuleSettings.Tests.ps1 ]">
            <results>
              <test-suite type="TestFixture" name="Testing [ Get-FanartTVModuleSettings ] function with [ Get-FanartTVModuleSettings.Tests.ps1 ].[ Get-FanartTVModuleSettings ] testing function" executed="True" result="Success" success="True" time="0.0655" asserts="0" description="Testing [ Get-FanartTVModuleSettings ] function with [ Get-FanartTVModuleSettings.Tests.ps1 ].[ Get-FanartTVModuleSettings ] testing function">
                <results>
                  <test-case description="Configuration directory should be hidden" name="Testing [ Get-FanartTVModuleSettings ] function with [ Get-FanartTVModuleSettings.Tests.ps1 ].[ Get-FanartTVModuleSettings ] testing function.Configuration directory should be hidden" time="0.0133" asserts="0" success="True" result="Success" executed="True" />
                  <test-case description="Configuration file should contain required values" name="Testing [ Get-FanartTVModuleSettings ] function with [ Get-FanartTVModuleSettings.Tests.ps1 ].[ Get-FanartTVModuleSettings ] testing function.Configuration file should contain required values" time="0.0442" asserts="0" success="True" result="Success" executed="True" />
                </results>
              </test-suite>
            </results>
          </test-suite>
        </results>
      </test-suite>
      <test-suite type="TestFixture" name="C:\Celerium\Projects\_API\Celerium.FanartTV\tests\Private\ModuleSettings\Import-FanartTVModuleSettings.Tests.ps1" executed="True" result="Success" success="True" time="0.2317" asserts="0" description="C:\Celerium\Projects\_API\Celerium.FanartTV\tests\Private\ModuleSettings\Import-FanartTVModuleSettings.Tests.ps1">
        <results>
          <test-suite type="TestFixture" name="Testing [ Import-FanartTVModuleSettings ] function with [ Import-FanartTVModuleSettings.Tests.ps1 ]" executed="True" result="Success" success="True" time="0.1363" asserts="0" description="Testing [ Import-FanartTVModuleSettings ] function with [ Import-FanartTVModuleSettings.Tests.ps1 ]">
            <results>
              <test-suite type="TestFixture" name="Testing [ Import-FanartTVModuleSettings ] function with [ Import-FanartTVModuleSettings.Tests.ps1 ].[ Import-FanartTVModuleSettings ] testing function" executed="True" result="Success" success="True" time="0.1196" asserts="0" description="Testing [ Import-FanartTVModuleSettings ] function with [ Import-FanartTVModuleSettings.Tests.ps1 ].[ Import-FanartTVModuleSettings ] testing function">
                <results>
                  <test-case description="No configuration should populate baseline variables" name="Testing [ Import-FanartTVModuleSettings ] function with [ Import-FanartTVModuleSettings.Tests.ps1 ].[ Import-FanartTVModuleSettings ] testing function.No configuration should populate baseline variables" time="0.0151" asserts="0" success="True" result="Success" executed="True" />
                  <test-case description="Saved configuration session should contain required variables" name="Testing [ Import-FanartTVModuleSettings ] function with [ Import-FanartTVModuleSettings.Tests.ps1 ].[ Import-FanartTVModuleSettings ] testing function.Saved configuration session should contain required variables" time="0.0537" asserts="0" success="True" result="Success" executed="True" />
                  <test-case description="Saved configuration session should NOT contain temp variables" name="Testing [ Import-FanartTVModuleSettings ] function with [ Import-FanartTVModuleSettings.Tests.ps1 ].[ Import-FanartTVModuleSettings ] testing function.Saved configuration session should NOT contain temp variables" time="0.0401" asserts="0" success="True" result="Success" executed="True" />
                </results>
              </test-suite>
            </results>
          </test-suite>
        </results>
      </test-suite>
      <test-suite type="TestFixture" name="C:\Celerium\Projects\_API\Celerium.FanartTV\tests\Private\ModuleSettings\Initialize-FanartTVModuleSettings.Tests.ps1" executed="True" result="Success" success="True" time="0.1801" asserts="0" description="C:\Celerium\Projects\_API\Celerium.FanartTV\tests\Private\ModuleSettings\Initialize-FanartTVModuleSettings.Tests.ps1">
        <results>
          <test-suite type="TestFixture" name="Testing [ Initialize-FanartTVModuleSettings ] function with [ Initialize-FanartTVModuleSettings.Tests.ps1 ]" executed="True" result="Success" success="True" time="0.081" asserts="0" description="Testing [ Initialize-FanartTVModuleSettings ] function with [ Initialize-FanartTVModuleSettings.Tests.ps1 ]">
            <results>
              <test-suite type="TestFixture" name="Testing [ Initialize-FanartTVModuleSettings ] function with [ Initialize-FanartTVModuleSettings.Tests.ps1 ].[ Initialize-FanartTVModuleSettings ] testing function" executed="True" result="Success" success="True" time="0.0733" asserts="0" description="Testing [ Initialize-FanartTVModuleSettings ] function with [ Initialize-FanartTVModuleSettings.Tests.ps1 ].[ Initialize-FanartTVModuleSettings ] testing function">
                <results>
                  <test-case description="When imported WITHOUT a saved configuration baseline variables should exist" name="Testing [ Initialize-FanartTVModuleSettings ] function with [ Initialize-FanartTVModuleSettings.Tests.ps1 ].[ Initialize-FanartTVModuleSettings ] testing function.When imported WITHOUT a saved configuration baseline variables should exist" time="0.0263" asserts="0" success="True" result="Success" executed="True" />
                  <test-case description="When imported WITH a saved configuration baseline variables should exist" name="Testing [ Initialize-FanartTVModuleSettings ] function with [ Initialize-FanartTVModuleSettings.Tests.ps1 ].[ Initialize-FanartTVModuleSettings ] testing function.When imported WITH a saved configuration baseline variables should exist" time="0.0385" asserts="0" success="True" result="Success" executed="True" />
                </results>
              </test-suite>
            </results>
          </test-suite>
        </results>
      </test-suite>
      <test-suite type="TestFixture" name="C:\Celerium\Projects\_API\Celerium.FanartTV\tests\Private\ModuleSettings\Remove-FanartTVModuleSettings.Tests.ps1" executed="True" result="Success" success="True" time="0.1777" asserts="0" description="C:\Celerium\Projects\_API\Celerium.FanartTV\tests\Private\ModuleSettings\Remove-FanartTVModuleSettings.Tests.ps1">
        <results>
          <test-suite type="TestFixture" name="Testing [ Remove-FanartTVModuleSettings ] function with [ Remove-FanartTVModuleSettings.Tests.ps1 ]" executed="True" result="Success" success="True" time="0.0748" asserts="0" description="Testing [ Remove-FanartTVModuleSettings ] function with [ Remove-FanartTVModuleSettings.Tests.ps1 ]">
            <results>
              <test-suite type="TestFixture" name="Testing [ Remove-FanartTVModuleSettings ] function with [ Remove-FanartTVModuleSettings.Tests.ps1 ].[ Remove-FanartTVModuleSettings ] testing function" executed="True" result="Success" success="True" time="0.0641" asserts="0" description="Testing [ Remove-FanartTVModuleSettings ] function with [ Remove-FanartTVModuleSettings.Tests.ps1 ].[ Remove-FanartTVModuleSettings ] testing function">
                <results>
                  <test-case description="No configuration should throw a warning" name="Testing [ Remove-FanartTVModuleSettings ] function with [ Remove-FanartTVModuleSettings.Tests.ps1 ].[ Remove-FanartTVModuleSettings ] testing function.No configuration should throw a warning" time="0.0069" asserts="0" success="True" result="Success" executed="True" />
                  <test-case description="Saved configuration should be removed" name="Testing [ Remove-FanartTVModuleSettings ] function with [ Remove-FanartTVModuleSettings.Tests.ps1 ].[ Remove-FanartTVModuleSettings ] testing function.Saved configuration should be removed" time="0.0221" asserts="0" success="True" result="Success" executed="True" />
                  <test-case description="Saved configuration &amp; variables should be removed" name="Testing [ Remove-FanartTVModuleSettings ] function with [ Remove-FanartTVModuleSettings.Tests.ps1 ].[ Remove-FanartTVModuleSettings ] testing function.Saved configuration &amp; variables should be removed" time="0.0263" asserts="0" success="True" result="Success" executed="True" />
                </results>
              </test-suite>
            </results>
          </test-suite>
        </results>
      </test-suite>
    </results>
  </test-suite>
</test-results>